#
# A fatal error has been detected by the Java Runtime Environment:
#
#  SIGBUS (0xa) at pc=0x00000007c0000f28, pid=776, tid=0x000000000001e963
#
# JRE version: Java(TM) SE Runtime Environment (8.0_151-b12) (build 1.8.0_151-b12)
# Java VM: Java HotSpot(TM) 64-Bit Server VM (25.151-b12 mixed mode bsd-amd64 compressed oops)
# Problematic frame:
# C  0x00000007c0000f28
#
# Failed to write core dump. Core dumps have been disabled. To enable core dumping, try "ulimit -c unlimited" before starting Java again
#
# If you would like to submit a bug report, please visit:
#   http://bugreport.java.com/bugreport/crash.jsp
#

---------------  T H R E A D  ---------------

Current thread is native thread

siginfo: si_signo: 10 (SIGBUS), si_code: 2 (BUS_ADRERR), si_addr: 0x00000007c0000f28

Registers:
RAX=0x00000007c0000f28, RBX=0x0000700007712a44, RCX=0x00007f9f65523f20, RDX=0x00007f9f65523f50
RSP=0x0000700007712798, RBP=0x00007000077127f0, RSI=0x0000700007712a44, RDI=0x00007f9f6544bd20
R8 =0x0000000000001000, R9 =0x00007000077125a7, R10=0x00000001145bc290, R11=0x00007f9f65523f20
R12=0x00007f9f655237f0, R13=0x00007f9f65523f50, R14=0x00000001145a183c, R15=0x0000000000001000
RIP=0x00000007c0000f28, EFLAGS=0x0000000000010202, ERR=0x0000000000000015
  TRAPNO=0x000000000000000e

Top of Stack: (sp=0x0000700007712798)
0x0000700007712798:   00000001145aaab2 00007000077127e8
0x00007000077127a8:   0000700007712a44 00007000077127d0
0x00007000077127b8:   00007fff459edfe3 0000700007712820
0x00007000077127c8:   0000700007712a44 00007f9f655237f0
0x00007000077127d8:   00007f9f65523b60 00007f9f65524870
0x00007000077127e8:   0000000000001000 0000700007712840
0x00007000077127f8:   00000001145a5369 00007fffa099f1e0
0x0000700007712808:   0000700007712a68 0000000007712840
0x0000700007712818:   0000000000009fe0 00007f9f65523b60
0x0000700007712828:   00000000ffffffce 0000000000001000
0x0000700007712838:   00007f9f655237f0 00007000077128b0
0x0000700007712848:   00000001145a39a1 00007f9f65524870
0x0000700007712858:   00009fe045987854 0000700007712a44
0x0000700007712868:   0000700007712a68 00000000077128d0
0x0000700007712878:   00007f9f65524870 00009fe00000067e
0x0000700007712888:   00000000ffffffce 0000700007712a44
0x0000700007712898:   0000000000000000 0000000000001000
0x00007000077128a8:   0000700007712a68 00007000077128d0
0x00007000077128b8:   00000001145a7996 00000001145a7968
0x00007000077128c8:   00007f9f65524350 0000700007712910
0x00007000077128d8:   00000001145a6777 00007f9f65524350
0x00007000077128e8:   0000700007712a68 00007f9f655240d0
0x00007000077128f8:   00000000ffffd584 0000700007712a44
0x0000700007712908:   0000000000001000 0000700007712970
0x0000700007712918:   00000001145aa8f0 0000700007712968
0x0000700007712928:   00007f9f65353760 0000700007712950
0x0000700007712938:   00007fff459edfe3 00007000077129a0
0x0000700007712948:   0000700007712a44 00007f9f655240d0
0x0000700007712958:   00007f9f65524440 00007f9f6562ca58
0x0000700007712968:   0000000000001000 00007000077129c0
0x0000700007712978:   00000001145a5369 00007fffa099f1e0
0x0000700007712988:   0000700007712a68 00000000077129c0 

Instructions: (pc=0x00000007c0000f28)
0x00000007c0000f08:   e8 36 61 0e 01 00 00 00 40 38 61 0e 01 00 00 00
0x00000007c0000f18:   40 36 61 0e 01 00 00 00 78 37 61 0e 01 00 00 00
0x00000007c0000f28:   b0 1b cd 0a 01 00 00 00 10 00 00 00 28 00 00 00
0x00000007c0000f38:   b0 b0 e3 0e 01 00 00 00 00 00 00 00 00 00 00 00 

Register to memory mapping:

RAX=0x00000007c0000f28 is pointing into metadata
RBX=0x0000700007712a44 is an unknown value
RCX=0x00007f9f65523f20 is an unknown value
RDX=0x00007f9f65523f50 is an unknown value
RSP=0x0000700007712798 is an unknown value
RBP=0x00007000077127f0 is an unknown value
RSI=0x0000700007712a44 is an unknown value
RDI=0x00007f9f6544bd20 is an unknown value
R8 =0x0000000000001000 is an unknown value
R9 =0x00007000077125a7 is an unknown value
R10=0x00000001145bc290: _ZTV18AVFEqualizerKernel+0x10 in /Library/Java/JavaVirtualMachines/jdk1.8.0_151.jdk/Contents/Home/jre/lib/libjfxmedia_avf.dylib at 0x000000011459a000
R11=0x00007f9f65523f20 is an unknown value
R12=0x00007f9f655237f0 is an unknown value
R13=0x00007f9f65523f50 is an unknown value
R14=0x00000001145a183c: _ZN18AVFKernelComponent18ProcessBufferListsERjRK15AudioBufferListRS1_j+0 in /Library/Java/JavaVirtualMachines/jdk1.8.0_151.jdk/Contents/Home/jre/lib/libjfxmedia_avf.dylib at 0x000000011459a000
R15=0x0000000000001000 is an unknown value


Stack: [0x0000700007693000,0x0000700007713000],  sp=0x0000700007712798,  free space=509k
Native frames: (J=compiled Java code, j=interpreted, Vv=VM code, C=native code)
C  0x00000007c0000f28
C  [libjfxmedia_avf.dylib+0xb369]  AUBase::DoRenderBus(unsigned int&, AudioTimeStamp const&, unsigned int, AUOutputElement*, unsigned int, AudioBufferList&)+0xa9
C  [libjfxmedia_avf.dylib+0x99a1]  AUBase::DoRender(unsigned int&, AudioTimeStamp const&, unsigned int, unsigned int, AudioBufferList&)+0x1b9
C  [libjfxmedia_avf.dylib+0xd996]  AUMethodRender(void*, unsigned int*, AudioTimeStamp const*, unsigned int, unsigned int, AudioBufferList*)+0x2e
C  [libjfxmedia_avf.dylib+0xc777]  AUInputElement::PullInput(unsigned int&, AudioTimeStamp const&, unsigned int, unsigned int)+0x8d
C  [libjfxmedia_avf.dylib+0x108f0]  AUEffectBase::Render(unsigned int&, AudioTimeStamp const&, unsigned int)+0x7e
C  [libjfxmedia_avf.dylib+0xb369]  AUBase::DoRenderBus(unsigned int&, AudioTimeStamp const&, unsigned int, AUOutputElement*, unsigned int, AudioBufferList&)+0xa9
C  [libjfxmedia_avf.dylib+0x99a1]  AUBase::DoRender(unsigned int&, AudioTimeStamp const&, unsigned int, unsigned int, AudioBufferList&)+0x1b9
C  [libjfxmedia_avf.dylib+0xd996]  AUMethodRender(void*, unsigned int*, AudioTimeStamp const*, unsigned int, unsigned int, AudioBufferList*)+0x2e
C  [libjfxmedia_avf.dylib+0x54b1]  ProcessAudioTap(void const*, long, unsigned int, AudioBufferList*, long*, unsigned int*)+0x63
C  [MediaToolbox+0x426178]  MTAudioProcessingTapGetSourceAudio+0x7f7
C  [AudioToolbox+0x11845e]  AQClientCallProcessingTap(void*, unsigned int, AudioTimeStamp*, unsigned int*, unsigned int*, AudioBufferList*, int, double, unsigned int, double, unsigned int, unsigned char const*, unsigned int)+0x5d
C  [AudioToolbox+0x1be551]  AQProcessingTap::DoCallout(unsigned int&, AudioTimeStamp&, unsigned int&, AudioBufferList&, unsigned int)+0xbf
C  [AudioToolbox+0x1be375]  AudioQueueObject::PerformTapInternal(AudioTimeStamp&, unsigned int&, unsigned int&, unsigned int)+0x8b
C  [AudioToolbox+0x1be276]  AudioQueueObject::PerformProcessingTap(int (*)(void*, unsigned int&, AudioTimeStamp const&, unsigned int, AudioBufferList&, double&, unsigned int&), void*, AudioTimeStamp&, unsigned int&, AudioBufferList&, unsigned int&, unsigned int)+0xce
C  [AudioToolbox+0x1ca3a5]  MEMixerChannel::TapDownstream(void*, unsigned int*, AudioTimeStamp const*, unsigned int, unsigned int, AudioBufferList*)+0x81
C  [CoreAudio+0x125469]  AUInputElement::PullInput(unsigned int&, AudioTimeStamp const&, unsigned int, unsigned int)+0xb9
C  [CoreAudio+0x66394]  AUDeferredRenderer::Produce()+0x23c
C  [CoreAudio+0x66114]  AUDeferredRenderer::ProducerThreadProc()+0x70
C  [CoreAudio+0x65865]  AUDeferredRenderer::ProducerThreadProc(void*)+0x1f
C  [CoreAudio+0x142a09]  CAPThread::Entry(CAPThread*)+0x4d
C  [libsystem_pthread.dylib+0x36c1]  _pthread_body+0x154
C  [libsystem_pthread.dylib+0x356d]  _pthread_body+0x0
C  [libsystem_pthread.dylib+0x2c5d]  thread_start+0xd


---------------  P R O C E S S  ---------------

VM state:at safepoint (normal execution)

VM Mutex/Monitor currently owned by a thread:  ([mutex/lock_event])
[0x00007f9f62d03b90] Threads_lock - owner thread: 0x00007f9f63013800
[0x00007f9f62d04090] Heap_lock - owner thread: 0x00007f9f63d19800

Heap:
 PSYoungGen      total 24064K, used 16563K [0x00000007a5580000, 0x00000007a7280000, 0x00000007c0000000)
  eden space 20480K, 80% used [0x00000007a5580000,0x00000007a659ce88,0x00000007a6980000)
  from space 3584K, 1% used [0x00000007a6f00000,0x00000007a6f10000,0x00000007a7280000)
  to   space 4608K, 0% used [0x00000007a6980000,0x00000007a6980000,0x00000007a6e00000)
 ParOldGen       total 54784K, used 3013K [0x0000000770000000, 0x0000000773580000, 0x00000007a5580000)
  object space 54784K, 5% used [0x0000000770000000,0x00000007702f17e8,0x0000000773580000)
 Metaspace       used 13789K, capacity 14344K, committed 14592K, reserved 1062912K
  class space    used 1840K, capacity 1988K, committed 2048K, reserved 1048576K

Card table byte_map: [0x000000010b767000,0x000000010b9e8000] byte_map_base: 0x0000000107be7000

Marking Bits: (ParMarkBitMap*) 0x000000010acf35d0
 Begin Bits: [0x000000010bb93000, 0x000000010cf93000)
 End Bits:   [0x000000010cf93000, 0x000000010e393000)

Polling page: 0x0000000109f86000

CodeCache: size=245760Kb used=4244Kb max_used=4244Kb free=241515Kb
 bounds [0x0000000114692000, 0x0000000114ac2000, 0x0000000123692000]
 total_blobs=2009 nmethods=1415 adapters=509
 compilation: enabled

Compilation events (10 events):
Event: 129.012 Thread 0x00007f9f6302b000 1421       1       java.lang.invoke.InfoFromMemberName::getReferenceKind (5 bytes)
Event: 129.012 Thread 0x00007f9f6302b000 nmethod 1421 0x0000000114aab390 code [0x0000000114aab4e0, 0x0000000114aab5f0]
Event: 129.012 Thread 0x00007f9f6302b000 1422       1       java.lang.invoke.InnerClassLambdaMetafactory::access$200 (5 bytes)
Event: 129.012 Thread 0x00007f9f6302b000 nmethod 1422 0x0000000114aab0d0 code [0x0000000114aab220, 0x0000000114aab310]
Event: 129.012 Thread 0x00007f9f6302b000 1423       1       java.lang.invoke.InnerClassLambdaMetafactory::access$500 (5 bytes)
Event: 129.012 Thread 0x00007f9f6302b000 nmethod 1423 0x0000000114aaae10 code [0x0000000114aaaf60, 0x0000000114aab050]
Event: 129.013 Thread 0x00007f9f6302b000 1424       1       java.lang.invoke.InnerClassLambdaMetafactory::access$600 (5 bytes)
Event: 129.013 Thread 0x00007f9f6302b000 nmethod 1424 0x0000000114aaab50 code [0x0000000114aaaca0, 0x0000000114aaad90]
Event: 129.013 Thread 0x00007f9f6302b000 1425       1       java.lang.invoke.InnerClassLambdaMetafactory::access$700 (5 bytes)
Event: 129.013 Thread 0x00007f9f6302b000 nmethod 1425 0x0000000114ab8250 code [0x0000000114ab83a0, 0x0000000114ab8490]

GC Heap History (10 events):
Event: 83.555 GC heap before
{Heap before GC invocations=10 (full 0):
 PSYoungGen      total 20992K, used 20512K [0x00000007a5580000, 0x00000007a7b80000, 0x00000007c0000000)
  eden space 20480K, 100% used [0x00000007a5580000,0x00000007a6980000,0x00000007a6980000)
  from space 512K, 6% used [0x00000007a7380000,0x00000007a7388000,0x00000007a7400000)
  to   space 4608K, 0% used [0x00000007a7700000,0x00000007a7700000,0x00000007a7b80000)
 ParOldGen       total 54784K, used 2989K [0x0000000770000000, 0x0000000773580000, 0x00000007a5580000)
  object space 54784K, 5% used [0x0000000770000000,0x00000007702eb7e8,0x0000000773580000)
 Metaspace       used 13740K, capacity 14288K, committed 14592K, reserved 1062912K
  class space    used 1831K, capacity 1976K, committed 2048K, reserved 1048576K
Event: 83.556 GC heap after
Heap after GC invocations=10 (full 0):
 PSYoungGen      total 20992K, used 64K [0x00000007a5580000, 0x00000007a7780000, 0x00000007c0000000)
  eden space 20480K, 0% used [0x00000007a5580000,0x00000007a5580000,0x00000007a6980000)
  from space 512K, 12% used [0x00000007a7700000,0x00000007a7710000,0x00000007a7780000)
  to   space 4608K, 0% used [0x00000007a6e80000,0x00000007a6e80000,0x00000007a7300000)
 ParOldGen       total 54784K, used 2997K [0x0000000770000000, 0x0000000773580000, 0x00000007a5580000)
  object space 54784K, 5% used [0x0000000770000000,0x00000007702ed7e8,0x0000000773580000)
 Metaspace       used 13740K, capacity 14288K, committed 14592K, reserved 1062912K
  class space    used 1831K, capacity 1976K, committed 2048K, reserved 1048576K
}
Event: 93.018 GC heap before
{Heap before GC invocations=11 (full 0):
 PSYoungGen      total 20992K, used 20544K [0x00000007a5580000, 0x00000007a7780000, 0x00000007c0000000)
  eden space 20480K, 100% used [0x00000007a5580000,0x00000007a6980000,0x00000007a6980000)
  from space 512K, 12% used [0x00000007a7700000,0x00000007a7710000,0x00000007a7780000)
  to   space 4608K, 0% used [0x00000007a6e80000,0x00000007a6e80000,0x00000007a7300000)
 ParOldGen       total 54784K, used 2997K [0x0000000770000000, 0x0000000773580000, 0x00000007a5580000)
  object space 54784K, 5% used [0x0000000770000000,0x00000007702ed7e8,0x0000000773580000)
 Metaspace       used 13740K, capacity 14288K, committed 14592K, reserved 1062912K
  class space    used 1831K, capacity 1976K, committed 2048K, reserved 1048576K
Event: 93.029 GC heap after
Heap after GC invocations=11 (full 0):
 PSYoungGen      total 25088K, used 64K [0x00000007a5580000, 0x00000007a7780000, 0x00000007c0000000)
  eden space 20480K, 0% used [0x00000007a5580000,0x00000007a5580000,0x00000007a6980000)
  from space 4608K, 1% used [0x00000007a6e80000,0x00000007a6e90000,0x00000007a7300000)
  to   space 4608K, 0% used [0x00000007a7300000,0x00000007a7300000,0x00000007a7780000)
 ParOldGen       total 54784K, used 3005K [0x0000000770000000, 0x0000000773580000, 0x00000007a5580000)
  object space 54784K, 5% used [0x0000000770000000,0x00000007702ef7e8,0x0000000773580000)
 Metaspace       used 13740K, capacity 14288K, committed 14592K, reserved 1062912K
  class space    used 1831K, capacity 1976K, committed 2048K, reserved 1048576K
}
Event: 102.585 GC heap before
{Heap before GC invocations=12 (full 0):
 PSYoungGen      total 25088K, used 20544K [0x00000007a5580000, 0x00000007a7780000, 0x00000007c0000000)
  eden space 20480K, 100% used [0x00000007a5580000,0x00000007a6980000,0x00000007a6980000)
  from space 4608K, 1% used [0x00000007a6e80000,0x00000007a6e90000,0x00000007a7300000)
  to   space 4608K, 0% used [0x00000007a7300000,0x00000007a7300000,0x00000007a7780000)
 ParOldGen       total 54784K, used 3005K [0x0000000770000000, 0x0000000773580000, 0x00000007a5580000)
  object space 54784K, 5% used [0x0000000770000000,0x00000007702ef7e8,0x0000000773580000)
 Metaspace       used 13740K, capacity 14288K, committed 14592K, reserved 1062912K
  class space    used 1831K, capacity 1976K, committed 2048K, reserved 1048576K
Event: 102.587 GC heap after
Heap after GC invocations=12 (full 0):
 PSYoungGen      total 20992K, used 64K [0x00000007a5580000, 0x00000007a7380000, 0x00000007c0000000)
  eden space 20480K, 0% used [0x00000007a5580000,0x00000007a5580000,0x00000007a6980000)
  from space 512K, 12% used [0x00000007a7300000,0x00000007a7310000,0x00000007a7380000)
  to   space 4608K, 0% used [0x00000007a6a80000,0x00000007a6a80000,0x00000007a6f00000)
 ParOldGen       total 54784K, used 3005K [0x0000000770000000, 0x0000000773580000, 0x00000007a5580000)
  object space 54784K, 5% used [0x0000000770000000,0x00000007702ef7e8,0x0000000773580000)
 Metaspace       used 13740K, capacity 14288K, committed 14592K, reserved 1062912K
  class space    used 1831K, capacity 1976K, committed 2048K, reserved 1048576K
}
Event: 112.046 GC heap before
{Heap before GC invocations=13 (full 0):
 PSYoungGen      total 20992K, used 20544K [0x00000007a5580000, 0x00000007a7380000, 0x00000007c0000000)
  eden space 20480K, 100% used [0x00000007a5580000,0x00000007a6980000,0x00000007a6980000)
  from space 512K, 12% used [0x00000007a7300000,0x00000007a7310000,0x00000007a7380000)
  to   space 4608K, 0% used [0x00000007a6a80000,0x00000007a6a80000,0x00000007a6f00000)
 ParOldGen       total 54784K, used 3005K [0x0000000770000000, 0x0000000773580000, 0x00000007a5580000)
  object space 54784K, 5% used [0x0000000770000000,0x00000007702ef7e8,0x0000000773580000)
 Metaspace       used 13740K, capacity 14288K, committed 14592K, reserved 1062912K
  class space    used 1831K, capacity 1976K, committed 2048K, reserved 1048576K
Event: 112.049 GC heap after
Heap after GC invocations=13 (full 0):
 PSYoungGen      total 25088K, used 32K [0x00000007a5580000, 0x00000007a7380000, 0x00000007c0000000)
  eden space 20480K, 0% used [0x00000007a5580000,0x00000007a5580000,0x00000007a6980000)
  from space 4608K, 0% used [0x00000007a6a80000,0x00000007a6a88000,0x00000007a6f00000)
  to   space 4608K, 0% used [0x00000007a6f00000,0x00000007a6f00000,0x00000007a7380000)
 ParOldGen       total 54784K, used 3005K [0x0000000770000000, 0x0000000773580000, 0x00000007a5580000)
  object space 54784K, 5% used [0x0000000770000000,0x00000007702ef7e8,0x0000000773580000)
 Metaspace       used 13740K, capacity 14288K, committed 14592K, reserved 1062912K
  class space    used 1831K, capacity 1976K, committed 2048K, reserved 1048576K
}
Event: 121.520 GC heap before
{Heap before GC invocations=14 (full 0):
 PSYoungGen      total 25088K, used 20512K [0x00000007a5580000, 0x00000007a7380000, 0x00000007c0000000)
  eden space 20480K, 100% used [0x00000007a5580000,0x00000007a6980000,0x00000007a6980000)
  from space 4608K, 0% used [0x00000007a6a80000,0x00000007a6a88000,0x00000007a6f00000)
  to   space 4608K, 0% used [0x00000007a6f00000,0x00000007a6f00000,0x00000007a7380000)
 ParOldGen       total 54784K, used 3005K [0x0000000770000000, 0x0000000773580000, 0x00000007a5580000)
  object space 54784K, 5% used [0x0000000770000000,0x00000007702ef7e8,0x0000000773580000)
 Metaspace       used 13740K, capacity 14288K, committed 14592K, reserved 1062912K
  class space    used 1831K, capacity 1976K, committed 2048K, reserved 1048576K
Event: 121.522 GC heap after
Heap after GC invocations=14 (full 0):
 PSYoungGen      total 24064K, used 64K [0x00000007a5580000, 0x00000007a7280000, 0x00000007c0000000)
  eden space 20480K, 0% used [0x00000007a5580000,0x00000007a5580000,0x00000007a6980000)
  from space 3584K, 1% used [0x00000007a6f00000,0x00000007a6f10000,0x00000007a7280000)
  to   space 4608K, 0% used [0x00000007a6980000,0x00000007a6980000,0x00000007a6e00000)
 ParOldGen       total 54784K, used 3013K [0x0000000770000000, 0x0000000773580000, 0x00000007a5580000)
  object space 54784K, 5% used [0x0000000770000000,0x00000007702f17e8,0x0000000773580000)
 Metaspace       used 13740K, capacity 14288K, committed 14592K, reserved 1062912K
  class space    used 1831K, capacity 1976K, committed 2048K, reserved 1048576K
}

Deoptimization events (8 events):
Event: 2.169 Thread 0x00007f9f63245000 Uncommon trap: reason=unstable_if action=reinterpret pc=0x0000000114840294 method=java.lang.String.replace(CC)Ljava/lang/String; @ 26
Event: 2.713 Thread 0x00007f9f63245000 Uncommon trap: reason=unstable_if action=reinterpret pc=0x000000011486bc74 method=java.lang.String.indexOf([CII[CIII)I @ 134
Event: 2.801 Thread 0x00007f9f63245000 Uncommon trap: reason=unstable_if action=reinterpret pc=0x00000001148a39c4 method=java.lang.AbstractStringBuilder.append(Ljava/lang/String;)Ljava/lang/AbstractStringBuilder; @ 1
Event: 2.853 Thread 0x00007f9f63245000 Uncommon trap: reason=unstable_if action=reinterpret pc=0x00000001148e2b08 method=java.util.HashMap.getNode(ILjava/lang/Object;)Ljava/util/HashMap$Node; @ 84
Event: 127.757 Thread 0x00007f9f63245000 Uncommon trap: reason=unstable_if action=reinterpret pc=0x0000000114ab0d6c method=com.sun.glass.ui.mac.MacTouchInputSupport.notifyNextTouchEvent(Lcom/sun/glass/ui/View;IJIIII)V @ 86
Event: 127.767 Thread 0x00007f9f63245000 Uncommon trap: reason=unstable_if action=reinterpret pc=0x0000000114ab46a8 method=com.sun.glass.ui.mac.MacTouchInputSupport.notifyNextTouchEvent(Lcom/sun/glass/ui/View;IJIIII)V @ 86
Event: 128.948 Thread 0x00007f9f63245000 Uncommon trap: reason=unstable_if action=reinterpret pc=0x0000000114aaa440 method=java.security.AccessControlContext.optimize()Ljava/security/AccessControlContext; @ 11
Event: 129.010 Thread 0x00007f9f63245000 Uncommon trap: reason=unstable_if action=reinterpret pc=0x0000000114a94ce4 method=java.util.concurrent.locks.ReentrantLock$Sync.tryRelease(I)Z @ 28

Internal exceptions (10 events):
Event: 0.984 Thread 0x00007f9f6301a000 Exception <a 'java/security/PrivilegedActionException'> (0x00000007a5830a28) thrown at [/Users/java_re/workspace/8-2-build-macosx-x86_64/jdk8u151/9699/hotspot/src/share/vm/prims/jvm.cpp, line 1390]
Event: 0.984 Thread 0x00007f9f6301a000 Exception <a 'java/security/PrivilegedActionException'> (0x00000007a5833d58) thrown at [/Users/java_re/workspace/8-2-build-macosx-x86_64/jdk8u151/9699/hotspot/src/share/vm/prims/jvm.cpp, line 1390]
Event: 0.984 Thread 0x00007f9f6301a000 Exception <a 'java/security/PrivilegedActionException'> (0x00000007a5833f68) thrown at [/Users/java_re/workspace/8-2-build-macosx-x86_64/jdk8u151/9699/hotspot/src/share/vm/prims/jvm.cpp, line 1390]
Event: 0.986 Thread 0x00007f9f6301a000 Exception <a 'java/lang/NullPointerException'> (0x00000007a5834758) thrown at [/Users/java_re/workspace/8-2-build-macosx-x86_64/jdk8u151/9699/hotspot/src/share/vm/interpreter/linkResolver.cpp, line 1183]
Event: 2.494 Thread 0x00007f9f63245000 Exception <a 'java/lang/NullPointerException'> (0x00000007a617f598) thrown at [/Users/java_re/workspace/8-2-build-macosx-x86_64/jdk8u151/9699/hotspot/src/share/vm/interpreter/linkResolver.cpp, line 1183]
Event: 2.494 Thread 0x00007f9f63245000 Exception <a 'java/lang/NullPointerException'> (0x00000007a617f598) thrown at [/Users/java_re/workspace/8-2-build-macosx-x86_64/jdk8u151/9699/hotspot/src/share/vm/prims/jvm.cpp, line 1394]
Event: 2.801 Thread 0x00007f9f63245000 Implicit null exception at 0x00000001148a35f6 to 0x00000001148a39ad
Event: 2.815 Thread 0x00007f9f63245000 Exception <a 'java/lang/NullPointerException'> (0x00000007a6471368) thrown at [/Users/java_re/workspace/8-2-build-macosx-x86_64/jdk8u151/9699/hotspot/src/share/vm/interpreter/linkResolver.cpp, line 1285]
Event: 3.534 Thread 0x00007f9f63245000 Exception <a 'java/lang/NullPointerException'> (0x00000007a63ccf48) thrown at [/Users/java_re/workspace/8-2-build-macosx-x86_64/jdk8u151/9699/hotspot/src/share/vm/interpreter/linkResolver.cpp, line 1183]
Event: 3.541 Thread 0x00007f9f63245000 Exception <a 'java/lang/NullPointerException'> (0x00000007a63d5018) thrown at [/Users/java_re/workspace/8-2-build-macosx-x86_64/jdk8u151/9699/hotspot/src/share/vm/interpreter/linkResolver.cpp, line 1183]

Events (10 events):
Event: 129.014 Thread 0x00007f9f63d19800 Thread added: 0x00007f9f63d19800
Event: 129.014 loading class java/util/IdentityHashMap$KeySet
Event: 129.014 loading class java/util/IdentityHashMap$KeySet done
Event: 129.015 loading class java/util/IdentityHashMap$KeyIterator
Event: 129.015 loading class java/util/IdentityHashMap$IdentityHashMapIterator
Event: 129.015 loading class java/util/IdentityHashMap$IdentityHashMapIterator done
Event: 129.015 loading class java/util/IdentityHashMap$KeyIterator done
Event: 129.015 Thread 0x00007f9f633c5000 Thread exited: 0x00007f9f633c5000
Event: 129.015 Thread 0x00007f9f63d19800 Thread exited: 0x00007f9f63d19800
Event: 129.015 Thread 0x00007f9f63077800 Thread exited: 0x00007f9f63077800


Dynamic libraries:
0x000000001f18d000 	/System/Library/Frameworks/Cocoa.framework/Versions/A/Cocoa
0x000000001f18d000 	/System/Library/Frameworks/Security.framework/Versions/A/Security
0x000000001f18d000 	/System/Library/Frameworks/ApplicationServices.framework/Versions/A/ApplicationServices
0x000000001f18d000 	/usr/lib/libz.1.dylib
0x000000001f18d000 	/usr/lib/libSystem.B.dylib
0x000000001f18d000 	/usr/lib/libobjc.A.dylib
0x000000001f18d000 	/System/Library/Frameworks/CoreFoundation.framework/Versions/A/CoreFoundation
0x000000001f18d000 	/System/Library/Frameworks/Foundation.framework/Versions/C/Foundation
0x000000001f18d000 	/System/Library/Frameworks/AppKit.framework/Versions/C/AppKit
0x000000001f18d000 	/System/Library/Frameworks/CoreData.framework/Versions/A/CoreData
0x000000001f18d000 	/System/Library/PrivateFrameworks/RemoteViewServices.framework/Versions/A/RemoteViewServices
0x000000001f18d000 	/System/Library/PrivateFrameworks/UIFoundation.framework/Versions/A/UIFoundation
0x000000001f18d000 	/System/Library/PrivateFrameworks/DFRFoundation.framework/Versions/A/DFRFoundation
0x000000001f18d000 	/System/Library/Frameworks/Metal.framework/Versions/A/Metal
0x000000001f18d000 	/System/Library/PrivateFrameworks/DesktopServicesPriv.framework/Versions/A/DesktopServicesPriv
0x000000001f18d000 	/usr/lib/libenergytrace.dylib
0x000000001f18d000 	/System/Library/PrivateFrameworks/SkyLight.framework/Versions/A/SkyLight
0x000000001f18d000 	/System/Library/Frameworks/CoreGraphics.framework/Versions/A/CoreGraphics
0x000000001f18d000 	/usr/lib/libScreenReader.dylib
0x000000001f18d000 	/System/Library/Frameworks/Accelerate.framework/Versions/A/Accelerate
0x000000001f18d000 	/System/Library/Frameworks/IOSurface.framework/Versions/A/IOSurface
0x000000001f18d000 	/System/Library/Frameworks/AudioToolbox.framework/Versions/A/AudioToolbox
0x000000001f18d000 	/System/Library/Frameworks/AudioUnit.framework/Versions/A/AudioUnit
0x000000001f18d000 	/System/Library/PrivateFrameworks/DataDetectorsCore.framework/Versions/A/DataDetectorsCore
0x000000001f18d000 	/System/Library/Frameworks/Carbon.framework/Versions/A/Frameworks/HIToolbox.framework/Versions/A/HIToolbox
0x000000001f18d000 	/usr/lib/libicucore.A.dylib
0x000000001f18d000 	/System/Library/Frameworks/QuartzCore.framework/Versions/A/QuartzCore
0x000000001f18d000 	/System/Library/Frameworks/Carbon.framework/Versions/A/Frameworks/SpeechRecognition.framework/Versions/A/SpeechRecognition
0x000000001f18d000 	/usr/lib/libauto.dylib
0x000000001f18d000 	/usr/lib/libxml2.2.dylib
0x000000001f18d000 	/System/Library/PrivateFrameworks/CoreUI.framework/Versions/A/CoreUI
0x000000001f18d000 	/System/Library/Frameworks/CoreAudio.framework/Versions/A/CoreAudio
0x000000001f18d000 	/System/Library/Frameworks/DiskArbitration.framework/Versions/A/DiskArbitration
0x000000001f18d000 	/usr/lib/liblangid.dylib
0x000000001f18d000 	/System/Library/PrivateFrameworks/MultitouchSupport.framework/Versions/A/MultitouchSupport
0x000000001f18d000 	/System/Library/Frameworks/IOKit.framework/Versions/A/IOKit
0x000000001f18d000 	/usr/lib/libDiagnosticMessagesClient.dylib
0x000000001f18d000 	/System/Library/Frameworks/CoreServices.framework/Versions/A/CoreServices
0x000000001f18d000 	/System/Library/PrivateFrameworks/PerformanceAnalysis.framework/Versions/A/PerformanceAnalysis
0x000000001f18d000 	/System/Library/Frameworks/OpenGL.framework/Versions/A/OpenGL
0x000000001f18d000 	/System/Library/Frameworks/ColorSync.framework/Versions/A/ColorSync
0x000000001f18d000 	/System/Library/Frameworks/CoreImage.framework/Versions/A/CoreImage
0x000000001f18d000 	/System/Library/Frameworks/CoreText.framework/Versions/A/CoreText
0x000000001f18d000 	/System/Library/Frameworks/ImageIO.framework/Versions/A/ImageIO
0x000000001f18d000 	/System/Library/PrivateFrameworks/Backup.framework/Versions/A/Backup
0x000000001f18d000 	/usr/lib/libarchive.2.dylib
0x000000001f18d000 	/System/Library/Frameworks/CFNetwork.framework/Versions/A/CFNetwork
0x000000001f18d000 	/System/Library/Frameworks/SystemConfiguration.framework/Versions/A/SystemConfiguration
0x000000001f18d000 	/usr/lib/libCRFSuite.dylib
0x000000001f18d000 	/usr/lib/libc++.1.dylib
0x000000001f18d000 	/usr/lib/libc++abi.dylib
0x000000001f18d000 	/usr/lib/system/libcache.dylib
0x000000001f18d000 	/usr/lib/system/libcommonCrypto.dylib
0x000000001f18d000 	/usr/lib/system/libcompiler_rt.dylib
0x000000001f18d000 	/usr/lib/system/libcopyfile.dylib
0x000000001f18d000 	/usr/lib/system/libcorecrypto.dylib
0x000000001f18d000 	/usr/lib/system/libdispatch.dylib
0x000000001f18d000 	/usr/lib/system/libdyld.dylib
0x000000001f18d000 	/usr/lib/system/libkeymgr.dylib
0x000000001f18d000 	/usr/lib/system/liblaunch.dylib
0x000000001f18d000 	/usr/lib/system/libmacho.dylib
0x000000001f18d000 	/usr/lib/system/libquarantine.dylib
0x000000001f18d000 	/usr/lib/system/libremovefile.dylib
0x000000001f18d000 	/usr/lib/system/libsystem_asl.dylib
0x000000001f18d000 	/usr/lib/system/libsystem_blocks.dylib
0x000000001f18d000 	/usr/lib/system/libsystem_c.dylib
0x000000001f18d000 	/usr/lib/system/libsystem_configuration.dylib
0x000000001f18d000 	/usr/lib/system/libsystem_coreservices.dylib
0x000000001f18d000 	/usr/lib/system/libsystem_darwin.dylib
0x000000001f18d000 	/usr/lib/system/libsystem_dnssd.dylib
0x000000001f18d000 	/usr/lib/system/libsystem_info.dylib
0x000000001f18d000 	/usr/lib/system/libsystem_m.dylib
0x000000001f18d000 	/usr/lib/system/libsystem_malloc.dylib
0x000000001f18d000 	/usr/lib/system/libsystem_network.dylib
0x000000001f18d000 	/usr/lib/system/libsystem_networkextension.dylib
0x000000001f18d000 	/usr/lib/system/libsystem_notify.dylib
0x000000001f18d000 	/usr/lib/system/libsystem_sandbox.dylib
0x000000001f18d000 	/usr/lib/system/libsystem_secinit.dylib
0x000000001f18d000 	/usr/lib/system/libsystem_kernel.dylib
0x000000001f18d000 	/usr/lib/system/libsystem_platform.dylib
0x000000001f18d000 	/usr/lib/system/libsystem_pthread.dylib
0x000000001f18d000 	/usr/lib/system/libsystem_symptoms.dylib
0x000000001f18d000 	/usr/lib/system/libsystem_trace.dylib
0x000000001f18d000 	/usr/lib/system/libunwind.dylib
0x000000001f18d000 	/usr/lib/system/libxpc.dylib
0x000000001f18d000 	/usr/lib/closure/libclosured.dylib
0x000000001f18d000 	/usr/lib/libbsm.0.dylib
0x000000001f18d000 	/usr/lib/system/libkxld.dylib
0x000000001f18d000 	/usr/lib/libOpenScriptingUtil.dylib
0x000000001f18d000 	/usr/lib/libcoretls.dylib
0x000000001f18d000 	/usr/lib/libcoretls_cfhelpers.dylib
0x000000001f18d000 	/usr/lib/libpam.2.dylib
0x000000001f18d000 	/usr/lib/libsqlite3.dylib
0x000000001f18d000 	/usr/lib/libxar.1.dylib
0x000000001f18d000 	/usr/lib/libbz2.1.0.dylib
0x000000001f18d000 	/usr/lib/liblzma.5.dylib
0x000000001f18d000 	/usr/lib/libnetwork.dylib
0x000000001f18d000 	/usr/lib/libapple_nghttp2.dylib
0x000000001f18d000 	/usr/lib/libpcap.A.dylib
0x000000001f18d000 	/usr/lib/libboringssl.dylib
0x000000001f18d000 	/usr/lib/libusrtcp.dylib
0x000000001f18d000 	/usr/lib/libapple_crypto.dylib
0x000000001f18d000 	/System/Library/Frameworks/CoreServices.framework/Versions/A/Frameworks/FSEvents.framework/Versions/A/FSEvents
0x000000001f18d000 	/System/Library/Frameworks/CoreServices.framework/Versions/A/Frameworks/CarbonCore.framework/Versions/A/CarbonCore
0x000000001f18d000 	/System/Library/Frameworks/CoreServices.framework/Versions/A/Frameworks/Metadata.framework/Versions/A/Metadata
0x000000001f18d000 	/System/Library/Frameworks/CoreServices.framework/Versions/A/Frameworks/OSServices.framework/Versions/A/OSServices
0x000000001f18d000 	/System/Library/Frameworks/CoreServices.framework/Versions/A/Frameworks/SearchKit.framework/Versions/A/SearchKit
0x000000001f18d000 	/System/Library/Frameworks/CoreServices.framework/Versions/A/Frameworks/AE.framework/Versions/A/AE
0x000000001f18d000 	/System/Library/Frameworks/CoreServices.framework/Versions/A/Frameworks/LaunchServices.framework/Versions/A/LaunchServices
0x000000001f18d000 	/System/Library/Frameworks/CoreServices.framework/Versions/A/Frameworks/DictionaryServices.framework/Versions/A/DictionaryServices
0x000000001f18d000 	/System/Library/Frameworks/CoreServices.framework/Versions/A/Frameworks/SharedFileList.framework/Versions/A/SharedFileList
0x000000001f18d000 	/System/Library/Frameworks/NetFS.framework/Versions/A/NetFS
0x000000001f18d000 	/System/Library/PrivateFrameworks/NetAuth.framework/Versions/A/NetAuth
0x000000001f18d000 	/System/Library/PrivateFrameworks/login.framework/Versions/A/Frameworks/loginsupport.framework/Versions/A/loginsupport
0x000000001f18d000 	/System/Library/PrivateFrameworks/TCC.framework/Versions/A/TCC
0x000000001f18d000 	/usr/lib/libmecabra.dylib
0x000000001f18d000 	/System/Library/Frameworks/ApplicationServices.framework/Versions/A/Frameworks/ATS.framework/Versions/A/ATS
0x000000001f18d000 	/System/Library/Frameworks/ApplicationServices.framework/Versions/A/Frameworks/ColorSyncLegacy.framework/Versions/A/ColorSyncLegacy
0x000000001f18d000 	/System/Library/Frameworks/ApplicationServices.framework/Versions/A/Frameworks/HIServices.framework/Versions/A/HIServices
0x000000001f18d000 	/System/Library/Frameworks/ApplicationServices.framework/Versions/A/Frameworks/LangAnalysis.framework/Versions/A/LangAnalysis
0x000000001f18d000 	/System/Library/Frameworks/ApplicationServices.framework/Versions/A/Frameworks/PrintCore.framework/Versions/A/PrintCore
0x000000001f18d000 	/System/Library/Frameworks/ApplicationServices.framework/Versions/A/Frameworks/QD.framework/Versions/A/QD
0x000000001f18d000 	/System/Library/Frameworks/ApplicationServices.framework/Versions/A/Frameworks/SpeechSynthesis.framework/Versions/A/SpeechSynthesis
0x000000001f18d000 	/System/Library/Frameworks/CoreDisplay.framework/Versions/A/CoreDisplay
0x000000001f18d000 	/System/Library/Frameworks/Accelerate.framework/Versions/A/Frameworks/vImage.framework/Versions/A/vImage
0x000000001f18d000 	/System/Library/Frameworks/Accelerate.framework/Versions/A/Frameworks/vecLib.framework/Versions/A/vecLib
0x000000001f18d000 	/System/Library/Frameworks/Accelerate.framework/Versions/A/Frameworks/vecLib.framework/Versions/A/libvDSP.dylib
0x000000001f18d000 	/System/Library/Frameworks/Accelerate.framework/Versions/A/Frameworks/vecLib.framework/Versions/A/libBNNS.dylib
0x000000001f18d000 	/System/Library/Frameworks/Accelerate.framework/Versions/A/Frameworks/vecLib.framework/Versions/A/libQuadrature.dylib
0x000000001f18d000 	/System/Library/Frameworks/Accelerate.framework/Versions/A/Frameworks/vecLib.framework/Versions/A/libvMisc.dylib
0x000000001f18d000 	/System/Library/Frameworks/Accelerate.framework/Versions/A/Frameworks/vecLib.framework/Versions/A/libLAPACK.dylib
0x000000001f18d000 	/System/Library/Frameworks/Accelerate.framework/Versions/A/Frameworks/vecLib.framework/Versions/A/libBLAS.dylib
0x000000001f18d000 	/System/Library/Frameworks/Accelerate.framework/Versions/A/Frameworks/vecLib.framework/Versions/A/libLinearAlgebra.dylib
0x000000001f18d000 	/System/Library/Frameworks/Accelerate.framework/Versions/A/Frameworks/vecLib.framework/Versions/A/libSparse.dylib
0x000000001f18d000 	/System/Library/Frameworks/Accelerate.framework/Versions/A/Frameworks/vecLib.framework/Versions/A/libSparseBLAS.dylib
0x000000001f18d000 	/System/Library/PrivateFrameworks/IOAccelerator.framework/Versions/A/IOAccelerator
0x000000001f18d000 	/System/Library/PrivateFrameworks/IOPresentment.framework/Versions/A/IOPresentment
0x000000001f18d000 	/System/Library/PrivateFrameworks/DSExternalDisplay.framework/Versions/A/DSExternalDisplay
0x000000001f18d000 	/System/Library/Frameworks/OpenGL.framework/Versions/A/Libraries/libCoreFSCache.dylib
0x000000001f18d000 	/System/Library/Frameworks/CoreVideo.framework/Versions/A/CoreVideo
0x000000001f18d000 	/System/Library/PrivateFrameworks/GraphVisualizer.framework/Versions/A/GraphVisualizer
0x000000001f18d000 	/System/Library/Frameworks/MetalPerformanceShaders.framework/Versions/A/MetalPerformanceShaders
0x000000001f18d000 	/usr/lib/libFosl_dynamic.dylib
0x000000001f18d000 	/System/Library/PrivateFrameworks/FaceCore.framework/Versions/A/FaceCore
0x000000001f18d000 	/System/Library/Frameworks/OpenCL.framework/Versions/A/OpenCL
0x000000001f18d000 	/usr/lib/libcompression.dylib
0x000000001f18d000 	/System/Library/Frameworks/ApplicationServices.framework/Versions/A/Frameworks/ATS.framework/Versions/A/Resources/libFontParser.dylib
0x000000001f18d000 	/System/Library/Frameworks/ApplicationServices.framework/Versions/A/Frameworks/ATS.framework/Versions/A/Resources/libFontRegistry.dylib
0x000000001f18d000 	/System/Library/Frameworks/ImageIO.framework/Versions/A/Resources/libJPEG.dylib
0x000000001f18d000 	/System/Library/Frameworks/ImageIO.framework/Versions/A/Resources/libTIFF.dylib
0x000000001f18d000 	/System/Library/Frameworks/ImageIO.framework/Versions/A/Resources/libPng.dylib
0x000000001f18d000 	/System/Library/Frameworks/ImageIO.framework/Versions/A/Resources/libGIF.dylib
0x000000001f18d000 	/System/Library/Frameworks/ImageIO.framework/Versions/A/Resources/libJP2.dylib
0x000000001f18d000 	/System/Library/Frameworks/ImageIO.framework/Versions/A/Resources/libRadiance.dylib
0x000000001f18d000 	/System/Library/PrivateFrameworks/AppleJPEG.framework/Versions/A/AppleJPEG
0x000000001f18d000 	/System/Library/PrivateFrameworks/MetalTools.framework/Versions/A/MetalTools
0x000000001f18d000 	/System/Library/Frameworks/MetalPerformanceShaders.framework/Frameworks/MPSCore.framework/Versions/A/MPSCore
0x000000001f18d000 	/System/Library/Frameworks/MetalPerformanceShaders.framework/Frameworks/MPSImage.framework/Versions/A/MPSImage
0x000000001f18d000 	/System/Library/Frameworks/MetalPerformanceShaders.framework/Frameworks/MPSMatrix.framework/Versions/A/MPSMatrix
0x000000001f18d000 	/System/Library/Frameworks/MetalPerformanceShaders.framework/Frameworks/MPSNeuralNetwork.framework/Versions/A/MPSNeuralNetwork
0x000000001f18d000 	/System/Library/Frameworks/OpenGL.framework/Versions/A/Libraries/libGLU.dylib
0x000000001f18d000 	/System/Library/Frameworks/OpenGL.framework/Versions/A/Libraries/libGFXShared.dylib
0x000000001f18d000 	/System/Library/Frameworks/OpenGL.framework/Versions/A/Libraries/libGL.dylib
0x000000001f18d000 	/System/Library/Frameworks/OpenGL.framework/Versions/A/Libraries/libGLImage.dylib
0x000000001f18d000 	/System/Library/Frameworks/OpenGL.framework/Versions/A/Libraries/libCVMSPluginSupport.dylib
0x000000001f18d000 	/System/Library/Frameworks/OpenGL.framework/Versions/A/Libraries/libCoreVMClient.dylib
0x000000001f18d000 	/usr/lib/libcups.2.dylib
0x000000001f18d000 	/System/Library/Frameworks/Kerberos.framework/Versions/A/Kerberos
0x000000001f18d000 	/System/Library/Frameworks/GSS.framework/Versions/A/GSS
0x000000001f18d000 	/usr/lib/libresolv.9.dylib
0x000000001f18d000 	/usr/lib/libiconv.2.dylib
0x000000001f18d000 	/System/Library/PrivateFrameworks/Heimdal.framework/Versions/A/Heimdal
0x000000001f18d000 	/usr/lib/libheimdal-asn1.dylib
0x000000001f18d000 	/System/Library/Frameworks/OpenDirectory.framework/Versions/A/OpenDirectory
0x000000001f18d000 	/System/Library/PrivateFrameworks/CommonAuth.framework/Versions/A/CommonAuth
0x000000001f18d000 	/System/Library/Frameworks/OpenDirectory.framework/Versions/A/Frameworks/CFOpenDirectory.framework/Versions/A/CFOpenDirectory
0x000000001f18d000 	/System/Library/Frameworks/SecurityFoundation.framework/Versions/A/SecurityFoundation
0x000000001f18d000 	/System/Library/PrivateFrameworks/APFS.framework/Versions/A/APFS
0x000000001f18d000 	/usr/lib/libutil.dylib
0x000000001f18d000 	/System/Library/PrivateFrameworks/AppleSauce.framework/Versions/A/AppleSauce
0x000000001f18d000 	/System/Library/PrivateFrameworks/LinguisticData.framework/Versions/A/LinguisticData
0x000000001f18d000 	/usr/lib/libmarisa.dylib
0x000000001f18d000 	/System/Library/PrivateFrameworks/Lexicon.framework/Versions/A/Lexicon
0x000000001f18d000 	/usr/lib/libChineseTokenizer.dylib
0x000000001f18d000 	/usr/lib/libcmph.dylib
0x000000001f18d000 	/System/Library/PrivateFrameworks/LanguageModeling.framework/Versions/A/LanguageModeling
0x000000001f18d000 	/System/Library/PrivateFrameworks/CoreEmoji.framework/Versions/A/CoreEmoji
0x000000001f18d000 	/System/Library/Frameworks/ServiceManagement.framework/Versions/A/ServiceManagement
0x000000001f18d000 	/System/Library/PrivateFrameworks/BackgroundTaskManagement.framework/Versions/A/BackgroundTaskManagement
0x000000001f18d000 	/usr/lib/libxslt.1.dylib
0x000000001f18d000 	/System/Library/Frameworks/Carbon.framework/Versions/A/Frameworks/Ink.framework/Versions/A/Ink
0x000000001f18d000 	/System/Library/PrivateFrameworks/TextureIO.framework/Versions/A/TextureIO
0x000000001f18d000 	/usr/lib/libate.dylib
0x000000001f18d000 	/System/Library/PrivateFrameworks/CrashReporterSupport.framework/Versions/A/CrashReporterSupport
0x000000001f18d000 	/System/Library/PrivateFrameworks/Sharing.framework/Versions/A/Sharing
0x000000001f18d000 	/System/Library/PrivateFrameworks/IconServices.framework/Versions/A/IconServices
0x000000001f18d000 	/System/Library/PrivateFrameworks/ProtocolBuffer.framework/Versions/A/ProtocolBuffer
0x000000001f18d000 	/System/Library/PrivateFrameworks/Apple80211.framework/Versions/A/Apple80211
0x000000001f18d000 	/System/Library/Frameworks/CoreWLAN.framework/Versions/A/CoreWLAN
0x000000001f18d000 	/System/Library/PrivateFrameworks/CoreUtils.framework/Versions/A/CoreUtils
0x000000001f18d000 	/System/Library/Frameworks/IOBluetooth.framework/Versions/A/IOBluetooth
0x000000001f18d000 	/System/Library/PrivateFrameworks/CoreWiFi.framework/Versions/A/CoreWiFi
0x000000001f18d000 	/System/Library/Frameworks/CoreBluetooth.framework/Versions/A/CoreBluetooth
0x000000001f18d000 	/System/Library/PrivateFrameworks/SignpostNotification.framework/Versions/A/SignpostNotification
0x000000001f18d000 	/System/Library/PrivateFrameworks/DebugSymbols.framework/Versions/A/DebugSymbols
0x000000001f18d000 	/System/Library/PrivateFrameworks/CoreSymbolication.framework/Versions/A/CoreSymbolication
0x000000001f18d000 	/System/Library/PrivateFrameworks/Symbolication.framework/Versions/A/Symbolication
0x000000001f18d000 	/System/Library/PrivateFrameworks/AppleFSCompression.framework/Versions/A/AppleFSCompression
0x000000001f18d000 	/System/Library/PrivateFrameworks/SpeechRecognitionCore.framework/Versions/A/SpeechRecognitionCore
0x000000010a400000 	/Library/Java/JavaVirtualMachines/jdk1.8.0_151.jdk/Contents/Home/jre/lib/server/libjvm.dylib
0x000000001f18d000 	/usr/lib/libstdc++.6.0.9.dylib
0x0000000109f43000 	/Library/Java/JavaVirtualMachines/jdk1.8.0_151.jdk/Contents/Home/jre/lib/libverify.dylib
0x0000000109f51000 	/Library/Java/JavaVirtualMachines/jdk1.8.0_151.jdk/Contents/Home/jre/lib/libjava.dylib
0x0000000109fd0000 	/Library/Java/JavaVirtualMachines/jdk1.8.0_151.jdk/Contents/Home/jre/lib/libzip.dylib
0x000000001f18d000 	/System/Library/Frameworks/JavaVM.framework/Versions/A/Frameworks/JavaRuntimeSupport.framework/Versions/A/JavaRuntimeSupport
0x000000001f18d000 	/System/Library/Frameworks/JavaVM.framework/Versions/A/Frameworks/JavaNativeFoundation.framework/Versions/A/JavaNativeFoundation
0x000000001f18d000 	/System/Library/Frameworks/JavaVM.framework/Versions/A/JavaVM
0x000000001f18d000 	/System/Library/Frameworks/Carbon.framework/Versions/A/Carbon
0x000000001f18d000 	/System/Library/PrivateFrameworks/JavaLaunching.framework/Versions/A/JavaLaunching
0x000000001f18d000 	/System/Library/Frameworks/Carbon.framework/Versions/A/Frameworks/CommonPanels.framework/Versions/A/CommonPanels
0x000000001f18d000 	/System/Library/Frameworks/Carbon.framework/Versions/A/Frameworks/Help.framework/Versions/A/Help
0x000000001f18d000 	/System/Library/Frameworks/Carbon.framework/Versions/A/Frameworks/ImageCapture.framework/Versions/A/ImageCapture
0x000000001f18d000 	/System/Library/Frameworks/Carbon.framework/Versions/A/Frameworks/OpenScripting.framework/Versions/A/OpenScripting
0x000000001f18d000 	/System/Library/Frameworks/Carbon.framework/Versions/A/Frameworks/Print.framework/Versions/A/Print
0x000000001f18d000 	/System/Library/Frameworks/Carbon.framework/Versions/A/Frameworks/SecurityHI.framework/Versions/A/SecurityHI
0x0000000111613000 	/Library/Java/JavaVirtualMachines/jdk1.8.0_151.jdk/Contents/Home/jre/lib/libprism_es2.dylib
0x000000001f18d000 	/System/Library/PrivateFrameworks/CoreServicesInternal.framework/Versions/A/CoreServicesInternal
0x000000001f18d000 	/System/Library/Frameworks/OpenGL.framework/Versions/A/Resources/GLEngine.bundle/GLEngine
0x000000001f18d000 	/System/Library/Frameworks/OpenGL.framework/Versions/A/Libraries/libGLProgrammability.dylib
0x00000001116bd000 	/System/Library/Extensions/GeForceTeslaGLDriver.bundle/Contents/MacOS/GeForceTeslaGLDriver
0x000000001f18d000 	/System/Library/Extensions/GeForceTeslaGLDriver.bundle/Contents/MacOS/libclh.dylib
0x000000001f18d000 	/System/Library/PrivateFrameworks/GPUSupport.framework/Versions/A/Libraries/libGPUSupport.dylib
0x000000001f18d000 	/System/Library/Frameworks/OpenGL.framework/Versions/A/Resources/GLRendererFloat.bundle/GLRendererFloat
0x000000001f18d000 	/System/Library/Frameworks/OpenCL.framework/Versions/A/Libraries/libcldcpuengine.dylib
0x000000001f18d000 	/usr/lib/libcrypto.35.dylib
0x000000001f18d000 	/System/Library/PrivateFrameworks/TrustEvaluationAgent.framework/Versions/A/TrustEvaluationAgent
0x000000011330f000 	/Library/Java/JavaVirtualMachines/jdk1.8.0_151.jdk/Contents/Home/jre/lib/libglass.dylib
0x000000001f18d000 	/System/Library/CoreServices/RawCamera.bundle/Contents/MacOS/RawCamera
0x000000001f18d000 	/System/Library/PrivateFrameworks/MobileAsset.framework/Versions/A/MobileAsset
0x000000001f18d000 	/System/Library/PrivateFrameworks/StreamingZip.framework/Versions/A/StreamingZip
0x000000001f18d000 	/System/Library/Frameworks/MediaToolbox.framework/Versions/A/MediaToolbox
0x000000001f18d000 	/System/Library/PrivateFrameworks/CoreAVCHD.framework/Versions/A/CoreAVCHD
0x000000001f18d000 	/System/Library/Frameworks/MediaAccessibility.framework/Versions/A/MediaAccessibility
0x000000001f18d000 	/System/Library/PrivateFrameworks/Mangrove.framework/Versions/A/Mangrove
0x000000001f18d000 	/System/Library/Frameworks/CoreMedia.framework/Versions/A/CoreMedia
0x000000001f18d000 	/System/Library/Frameworks/VideoToolbox.framework/Versions/A/VideoToolbox
0x000000001f18d000 	/System/Library/PrivateFrameworks/CoreAUC.framework/Versions/A/CoreAUC
0x000000001f18d000 	/usr/lib/libspindump.dylib
0x000000001f18d000 	/usr/lib/libdscsym.dylib
0x000000001f18d000 	/System/Library/PrivateFrameworks/AppleVA.framework/Versions/A/AppleVA
0x000000001f18d000 	/System/Library/Frameworks/Accelerate.framework/Versions/A/Frameworks/vImage.framework/Versions/A/Libraries/libCGInterfaces.dylib
0x000000001f18d000 	/System/Library/PrivateFrameworks/FamilyControls.framework/Versions/A/FamilyControls
0x000000001f18d000 	/System/Library/PrivateFrameworks/CommerceKit.framework/Versions/A/Frameworks/CommerceCore.framework/Versions/A/CommerceCore
0x000000001f18d000 	/System/Library/PrivateFrameworks/SystemAdministration.framework/Versions/A/SystemAdministration
0x000000001f18d000 	/System/Library/PrivateFrameworks/AppContainer.framework/Versions/A/AppContainer
0x000000001f18d000 	/System/Library/PrivateFrameworks/SecCodeWrapper.framework/Versions/A/SecCodeWrapper
0x000000001f18d000 	/System/Library/PrivateFrameworks/DiskManagement.framework/Versions/A/DiskManagement
0x000000001f18d000 	/System/Library/Frameworks/DirectoryService.framework/Versions/A/DirectoryService
0x000000001f18d000 	/System/Library/PrivateFrameworks/DiskImages.framework/Versions/A/DiskImages
0x000000001f18d000 	/System/Library/PrivateFrameworks/LoginUIKit.framework/Versions/A/Frameworks/LoginUICore.framework/Versions/A/LoginUICore
0x000000001f18d000 	/usr/lib/libCoreStorage.dylib
0x000000001f18d000 	/usr/lib/libcsfde.dylib
0x000000001f18d000 	/usr/lib/libodfde.dylib
0x000000001f18d000 	/System/Library/PrivateFrameworks/MediaKit.framework/Versions/A/MediaKit
0x000000001f18d000 	/System/Library/Frameworks/DiscRecording.framework/Versions/A/DiscRecording
0x000000001f18d000 	/System/Library/PrivateFrameworks/EFILogin.framework/Versions/A/EFILogin
0x000000001f18d000 	/System/Library/PrivateFrameworks/ProtectedCloudStorage.framework/Versions/A/ProtectedCloudStorage
0x000000001f18d000 	/usr/lib/libcurl.4.dylib
0x000000001f18d000 	/usr/lib/libssl.35.dylib
0x000000001f18d000 	/System/Library/Frameworks/LDAP.framework/Versions/A/LDAP
0x000000001f18d000 	/usr/lib/libsasl2.2.dylib
0x000000001f18d000 	/System/Library/PrivateFrameworks/CoreDaemon.framework/Versions/B/CoreDaemon
0x000000001f18d000 	/System/Library/PrivateFrameworks/AppleSRP.framework/Versions/A/AppleSRP
0x0000000123e53000 	/Library/Java/JavaVirtualMachines/jdk1.8.0_151.jdk/Contents/Home/jre/lib/libglib-lite.dylib
0x0000000123f74000 	/Library/Java/JavaVirtualMachines/jdk1.8.0_151.jdk/Contents/Home/jre/lib/libgstreamer-lite.dylib
0x000000011455f000 	/Library/Java/JavaVirtualMachines/jdk1.8.0_151.jdk/Contents/Home/jre/lib/libjfxmedia.dylib
0x000000011459a000 	/Library/Java/JavaVirtualMachines/jdk1.8.0_151.jdk/Contents/Home/jre/lib/libjfxmedia_avf.dylib
0x000000001f18d000 	/System/Library/Frameworks/AVFoundation.framework/Versions/A/AVFoundation
0x000000001f18d000 	/System/Library/Frameworks/AVFoundation.framework/Versions/A/Frameworks/AVFAudio.framework/Versions/A/AVFAudio
0x000000001f18d000 	/System/Library/PrivateFrameworks/IntlPreferences.framework/Versions/A/IntlPreferences
0x000000001f18d000 	/System/Library/Frameworks/CoreMediaIO.framework/Versions/A/CoreMediaIO
0x000000001f18d000 	/System/Library/PrivateFrameworks/RemoteServiceDiscovery.framework/Versions/A/RemoteServiceDiscovery
0x000000001f18d000 	/System/Library/PrivateFrameworks/RemoteXPC.framework/Versions/A/RemoteXPC
0x000000001f18d000 	/System/Library/PrivateFrameworks/InternationalSupport.framework/Versions/A/InternationalSupport
0x00000001145cf000 	/Library/Java/JavaVirtualMachines/jdk1.8.0_151.jdk/Contents/Home/jre/lib/libjfxmedia_qtkit.dylib
0x000000001f18d000 	/System/Library/Frameworks/QTKit.framework/Versions/A/QTKit
0x000000001f18d000 	/System/Library/PrivateFrameworks/CoreMediaAuthoring.framework/Versions/A/CoreMediaAuthoring
0x00000001240ed000 	/Library/Java/JavaVirtualMachines/jdk1.8.0_151.jdk/Contents/Home/jre/lib/libfxplugins.dylib
0x000000001f18d000 	/System/Library/Frameworks/VideoDecodeAcceleration.framework/Versions/A/VideoDecodeAcceleration
0x00000001139b8000 	/Library/Java/JavaVirtualMachines/jdk1.8.0_151.jdk/Contents/Home/jre/lib/libnet.dylib
0x00000001145dc000 	/Library/Java/JavaVirtualMachines/jdk1.8.0_151.jdk/Contents/Home/jre/lib/libnio.dylib
0x0000000124160000 	/System/Library/Extensions/AppleHDA.kext/Contents/PlugIns/AppleHDAHALPlugIn.bundle/Contents/MacOS/AppleHDAHALPlugIn
0x0000000124191000 	/System/Library/Components/CoreAudio.component/Contents/MacOS/CoreAudio
0x0000000124420000 	/System/Library/Components/AudioCodecs.component/Contents/MacOS/AudioCodecs
0x000000001f18d000 	/System/Library/PrivateFrameworks/AppleGVA.framework/Versions/A/AppleGVA
0x0000000124d9a000 	/System/Library/Extensions/GeForceTeslaVADriver.bundle/Contents/MacOS/GeForceTeslaVADriver
0x0000000124c0a000 	/System/Library/Extensions/AppleVADriver.bundle/Contents/MacOS/AVA_HD_VP3.dylib
0x0000000124d39000 	/Library/Java/JavaVirtualMachines/jdk1.8.0_151.jdk/Contents/Home/jre/lib/libjavafx_font.dylib
0x000000001f18d000 	/System/Library/Frameworks/ApplicationServices.framework/Versions/A/Frameworks/ATS.framework/Versions/A/Resources/libTrueTypeScaler.dylib
0x000000001f18d000 	/System/Library/PrivateFrameworks/ViewBridge.framework/Versions/A/ViewBridge
0x000000001f18d000 	/usr/lib/libsystemstats.dylib

VM Arguments:
jvm_args: -Dfile.encoding=UTF-8 
java_command: sample.Main
java_class_path (initial): /Library/Java/JavaVirtualMachines/jdk1.8.0_151.jdk/Contents/Home/jre/lib/charsets.jar:/Library/Java/JavaVirtualMachines/jdk1.8.0_151.jdk/Contents/Home/jre/lib/deploy.jar:/Library/Java/JavaVirtualMachines/jdk1.8.0_151.jdk/Contents/Home/jre/lib/ext/cldrdata.jar:/Library/Java/JavaVirtualMachines/jdk1.8.0_151.jdk/Contents/Home/jre/lib/ext/dnsns.jar:/Library/Java/JavaVirtualMachines/jdk1.8.0_151.jdk/Contents/Home/jre/lib/ext/jaccess.jar:/Library/Java/JavaVirtualMachines/jdk1.8.0_151.jdk/Contents/Home/jre/lib/ext/jfxrt.jar:/Library/Java/JavaVirtualMachines/jdk1.8.0_151.jdk/Contents/Home/jre/lib/ext/localedata.jar:/Library/Java/JavaVirtualMachines/jdk1.8.0_151.jdk/Contents/Home/jre/lib/ext/nashorn.jar:/Library/Java/JavaVirtualMachines/jdk1.8.0_151.jdk/Contents/Home/jre/lib/ext/sunec.jar:/Library/Java/JavaVirtualMachines/jdk1.8.0_151.jdk/Contents/Home/jre/lib/ext/sunjce_provider.jar:/Library/Java/JavaVirtualMachines/jdk1.8.0_151.jdk/Contents/Home/jre/lib/ext/sunpkcs11.jar:/Library/Java/JavaVirtualMachines/jdk1.8.0_151.jdk/Contents/Home/jre/lib/ext/zipfs.jar:/Library/Java/JavaVirtualMachines/jdk1.8.0_151.jdk/Contents/Home/jre/lib/javaws.jar:/Library/Java/JavaVirtualMachines/jdk1.8.0_151.jdk/Contents/Home/jre/lib/jce.jar:/Library/Java/JavaVirtualMachines/jdk1.8.0_151.jdk/Contents/Home/jre/lib/jfr.jar:/Library/Java/JavaVirtualMachines/jdk1.8.0_151.jdk/Contents/Home/jre/lib/jfxswt.jar:/Library/Java/JavaVirtualMachines/jdk1.8.0_151.jdk/Contents/Home/jre/lib/jsse.jar:/Library/Java/JavaVirtualMachines/jdk1.8.0_151.jdk/Contents/Home/jre/lib/management-agent.jar:/Library/Java/JavaVirtualMachines/jdk1.8.0_151.jdk/Contents/Home/jre/lib/plugin.jar:/Library/Java/JavaVirtualMachines/jdk1.8.0_151.jdk/Contents/Home/jre/lib/resources.jar:/Library/Java/JavaVirtualMachines/jdk1.8.0_151.jdk/Contents/Home/jre/lib/rt.jar:/Library/Java/JavaVirtualMachines/jdk1.8.0_151.jdk/Contents/Home/lib/ant-javafx.jar:/Library/Java/JavaVirtualMachines/jdk1.8.0_151.jdk/Contents/Home
Launcher Type: SUN_STANDARD

Environment Variables:
PATH=/usr/local/bin:/usr/bin:/bin:/usr/sbin:/sbin:/Library/Frameworks/Mono.framework/Versions/Current/Commands
SHELL=/bin/bash

Signal Handlers:
SIGSEGV: [libjvm.dylib+0x5b27a5], sa_mask[0]=11111111011111110111111111111111, sa_flags=SA_ONSTACK|SA_RESTART|SA_SIGINFO
SIGBUS: [libjvm.dylib+0x5b27a5], sa_mask[0]=11111111011111110111111111111111, sa_flags=SA_RESTART|SA_SIGINFO
SIGFPE: [libjvm.dylib+0x4891c4], sa_mask[0]=11111111011111110111111111111111, sa_flags=SA_RESTART|SA_SIGINFO
SIGPIPE: [libjvm.dylib+0x4891c4], sa_mask[0]=11111111011111110111111111111111, sa_flags=SA_RESTART|SA_SIGINFO
SIGXFSZ: [libjvm.dylib+0x4891c4], sa_mask[0]=11111111011111110111111111111111, sa_flags=SA_RESTART|SA_SIGINFO
SIGILL: [libjvm.dylib+0x4891c4], sa_mask[0]=11111111011111110111111111111111, sa_flags=SA_RESTART|SA_SIGINFO
SIGUSR1: SIG_DFL, sa_mask[0]=00000000000000000000000000000000, sa_flags=none
SIGUSR2: [libjvm.dylib+0x488ce2], sa_mask[0]=00100000000000000000000000000000, sa_flags=SA_RESTART|SA_SIGINFO
SIGHUP: [libjvm.dylib+0x4872b9], sa_mask[0]=11111111011111110111111111111111, sa_flags=SA_RESTART|SA_SIGINFO
SIGINT: [libjvm.dylib+0x4872b9], sa_mask[0]=11111111011111110111111111111111, sa_flags=SA_RESTART|SA_SIGINFO
SIGTERM: [libjvm.dylib+0x4872b9], sa_mask[0]=11111111011111110111111111111111, sa_flags=SA_RESTART|SA_SIGINFO
SIGQUIT: [libjvm.dylib+0x4872b9], sa_mask[0]=11111111011111110111111111111111, sa_flags=SA_RESTART|SA_SIGINFO


---------------  S Y S T E M  ---------------

OS:Bsduname:Darwin 17.4.0 Darwin Kernel Version 17.4.0: Sun Dec 17 09:19:54 PST 2017; root:xnu-4570.41.2~1/RELEASE_X86_64 x86_64
rlimit: STACK 8192k, CORE 0k, NPROC 709, NOFILE 10240, AS infinity
load average:5.74 5.27 4.10

CPU:total 2 (initial active 2) (2 cores per cpu, 1 threads per core) family 6 model 23 stepping 10, cmov, cx8, fxsr, mmx, sse, sse2, sse3, ssse3, sse4.1, tsc

Memory: 4k page, physical 5242880k(18576k free)

/proc/meminfo:


vm_info: Java HotSpot(TM) 64-Bit Server VM (25.151-b12) for bsd-amd64 JRE (1.8.0_151-b12), built on Sep  5 2017 19:37:08 by "java_re" with gcc 4.2.1 (Based on Apple Inc. build 5658) (LLVM build 2336.11.00)

time: Wed Mar 14 20:47:02 2018
elapsed time: 129 seconds (0d 0h 2m 9s)

