#
# A fatal error has been detected by the Java Runtime Environment:
#
#  SIGSEGV (0xb) at pc=0x000000011e37085e, pid=622, tid=0x000000000001e71f
#
# JRE version: Java(TM) SE Runtime Environment (8.0_151-b12) (build 1.8.0_151-b12)
# Java VM: Java HotSpot(TM) 64-Bit Server VM (25.151-b12 mixed mode bsd-amd64 compressed oops)
# Problematic frame:
# C  [libjfxmedia_avf.dylib+0x785e]  AVFKernelComponent::ProcessBufferLists(unsigned int&, AudioBufferList const&, AudioBufferList&, unsigned int)+0x22
#
# Failed to write core dump. Core dumps have been disabled. To enable core dumping, try "ulimit -c unlimited" before starting Java again
#
# If you would like to submit a bug report, please visit:
#   http://bugreport.java.com/bugreport/crash.jsp
#

---------------  T H R E A D  ---------------

Current thread is native thread

siginfo: si_signo: 11 (SIGSEGV), si_code: 0 (unknown), si_addr: 0x0000000000000000

Registers:
RAX=0x9000000000000000, RBX=0x000070000af73a44, RCX=0x00007fecf2bf18f0, RDX=0x00007fecf2bf1920
RSP=0x000070000af73790, RBP=0x000070000af73790, RSI=0x000070000af73a44, RDI=0x00007fecf2c5aba0
R8 =0x0000000000001000, R9 =0x000070000af735a7, R10=0x000000011e38b290, R11=0x00007fecf2bf18f0
R12=0x00007fecf2bf11c0, R13=0x00007fecf2bf1920, R14=0x000000011e37083c, R15=0x0000000000001000
RIP=0x000000011e37085e, EFLAGS=0x0000000000010206, ERR=0x0000000000000000
  TRAPNO=0x000000000000000d

Top of Stack: (sp=0x000070000af73790)
0x000070000af73790:   000070000af737f0 000000011e379ab2
0x000070000af737a0:   000070000af737e8 000070000af73a44
0x000070000af737b0:   000070000af737d0 00007fff459edfe3
0x000070000af737c0:   000070000af73820 000070000af73a44
0x000070000af737d0:   00007fecf2bf11c0 00007fecf2bf1530
0x000070000af737e0:   00007fecf2bf2240 0000000000001000
0x000070000af737f0:   000070000af73840 000000011e374369
0x000070000af73800:   00007fffa099f1e0 000070000af73a68
0x000070000af73810:   000000000af73840 0000000000009fe0
0x000070000af73820:   00007fecf2bf1530 00000000ffffffce
0x000070000af73830:   0000000000001000 00007fecf2bf11c0
0x000070000af73840:   000070000af738b0 000000011e3729a1
0x000070000af73850:   00007fecf2bf2240 00009fe045987854
0x000070000af73860:   000070000af73a44 000070000af73a68
0x000070000af73870:   000000000af738d0 00007fecf2bf2240
0x000070000af73880:   00009fe00000067e 00000000ffffffce
0x000070000af73890:   000070000af73a44 0000000000000000
0x000070000af738a0:   0000000000001000 000070000af73a68
0x000070000af738b0:   000070000af738d0 000000011e376996
0x000070000af738c0:   000000011e376968 00007fecf2bf1d20
0x000070000af738d0:   000070000af73910 000000011e375777
0x000070000af738e0:   00007fecf2bf1d20 000070000af73a68
0x000070000af738f0:   00007fecf2bf1aa0 00000000ffffd584
0x000070000af73900:   000070000af73a44 0000000000001000
0x000070000af73910:   000070000af73970 000000011e3798f0
0x000070000af73920:   000070000af73968 00007fecf2c44e40
0x000070000af73930:   000070000af73950 00007fff459edfe3
0x000070000af73940:   000070000af739a0 000070000af73a44
0x000070000af73950:   00007fecf2bf1aa0 00007fecf2bf1e10
0x000070000af73960:   00007fecf2d02f38 0000000000001000
0x000070000af73970:   000070000af739c0 000000011e374369
0x000070000af73980:   00007fffa099f1e0 000070000af73a68 

Instructions: (pc=0x000000011e37085e)
0x000000011e37083e:   89 e5 80 bf d0 01 00 00 00 74 06 5d e9 bf 92 00
0x000000011e37084e:   00 48 8b bf d8 01 00 00 48 85 ff 74 0a 48 8b 07
0x000000011e37085e:   48 8b 40 28 5d ff e0 31 c0 5d c3 90 55 48 89 e5
0x000000011e37086e:   41 57 41 56 41 55 41 54 53 50 4d 89 c6 41 89 d5 

Register to memory mapping:

RAX=0x9000000000000000 is an unknown value
RBX=0x000070000af73a44 is an unknown value
RCX=0x00007fecf2bf18f0 is an unknown value
RDX=0x00007fecf2bf1920 is an unknown value
RSP=0x000070000af73790 is an unknown value
RBP=0x000070000af73790 is an unknown value
RSI=0x000070000af73a44 is an unknown value
RDI=0x00007fecf2c5aba0 is an unknown value
R8 =0x0000000000001000 is an unknown value
R9 =0x000070000af735a7 is an unknown value
R10=0x000000011e38b290: _ZTV18AVFEqualizerKernel+0x10 in /Library/Java/JavaVirtualMachines/jdk1.8.0_151.jdk/Contents/Home/jre/lib/libjfxmedia_avf.dylib at 0x000000011e369000
R11=0x00007fecf2bf18f0 is an unknown value
R12=0x00007fecf2bf11c0 is an unknown value
R13=0x00007fecf2bf1920 is an unknown value
R14=0x000000011e37083c: _ZN18AVFKernelComponent18ProcessBufferListsERjRK15AudioBufferListRS1_j+0 in /Library/Java/JavaVirtualMachines/jdk1.8.0_151.jdk/Contents/Home/jre/lib/libjfxmedia_avf.dylib at 0x000000011e369000
R15=0x0000000000001000 is an unknown value


Stack: [0x000070000aef4000,0x000070000af74000],  sp=0x000070000af73790,  free space=509k
Native frames: (J=compiled Java code, j=interpreted, Vv=VM code, C=native code)
C  [libjfxmedia_avf.dylib+0x785e]  AVFKernelComponent::ProcessBufferLists(unsigned int&, AudioBufferList const&, AudioBufferList&, unsigned int)+0x22
C  [libjfxmedia_avf.dylib+0x10ab2]  AUEffectBase::Render(unsigned int&, AudioTimeStamp const&, unsigned int)+0x240
C  [libjfxmedia_avf.dylib+0xb369]  AUBase::DoRenderBus(unsigned int&, AudioTimeStamp const&, unsigned int, AUOutputElement*, unsigned int, AudioBufferList&)+0xa9
C  [libjfxmedia_avf.dylib+0x99a1]  AUBase::DoRender(unsigned int&, AudioTimeStamp const&, unsigned int, unsigned int, AudioBufferList&)+0x1b9
C  [libjfxmedia_avf.dylib+0xd996]  AUMethodRender(void*, unsigned int*, AudioTimeStamp const*, unsigned int, unsigned int, AudioBufferList*)+0x2e
C  [libjfxmedia_avf.dylib+0xc777]  AUInputElement::PullInput(unsigned int&, AudioTimeStamp const&, unsigned int, unsigned int)+0x8d
C  [libjfxmedia_avf.dylib+0x108f0]  AUEffectBase::Render(unsigned int&, AudioTimeStamp const&, unsigned int)+0x7e
C  [libjfxmedia_avf.dylib+0xb369]  AUBase::DoRenderBus(unsigned int&, AudioTimeStamp const&, unsigned int, AUOutputElement*, unsigned int, AudioBufferList&)+0xa9
C  [libjfxmedia_avf.dylib+0x99a1]  AUBase::DoRender(unsigned int&, AudioTimeStamp const&, unsigned int, unsigned int, AudioBufferList&)+0x1b9
C  [libjfxmedia_avf.dylib+0xd996]  AUMethodRender(void*, unsigned int*, AudioTimeStamp const*, unsigned int, unsigned int, AudioBufferList*)+0x2e
C  [libjfxmedia_avf.dylib+0x54b1]  ProcessAudioTap(void const*, long, unsigned int, AudioBufferList*, long*, unsigned int*)+0x63
C  [MediaToolbox+0x426178]  MTAudioProcessingTapGetSourceAudio+0x7f7
C  [AudioToolbox+0x11845e]  AQClientCallProcessingTap(void*, unsigned int, AudioTimeStamp*, unsigned int*, unsigned int*, AudioBufferList*, int, double, unsigned int, double, unsigned int, unsigned char const*, unsigned int)+0x5d
C  [AudioToolbox+0x1be551]  AQProcessingTap::DoCallout(unsigned int&, AudioTimeStamp&, unsigned int&, AudioBufferList&, unsigned int)+0xbf
C  [AudioToolbox+0x1be375]  AudioQueueObject::PerformTapInternal(AudioTimeStamp&, unsigned int&, unsigned int&, unsigned int)+0x8b
C  [AudioToolbox+0x1be276]  AudioQueueObject::PerformProcessingTap(int (*)(void*, unsigned int&, AudioTimeStamp const&, unsigned int, AudioBufferList&, double&, unsigned int&), void*, AudioTimeStamp&, unsigned int&, AudioBufferList&, unsigned int&, unsigned int)+0xce
C  [AudioToolbox+0x1ca3a5]  MEMixerChannel::TapDownstream(void*, unsigned int*, AudioTimeStamp const*, unsigned int, unsigned int, AudioBufferList*)+0x81
C  [CoreAudio+0x125469]  AUInputElement::PullInput(unsigned int&, AudioTimeStamp const&, unsigned int, unsigned int)+0xb9
C  [CoreAudio+0x66394]  AUDeferredRenderer::Produce()+0x23c
C  [CoreAudio+0x66114]  AUDeferredRenderer::ProducerThreadProc()+0x70
C  [CoreAudio+0x65865]  AUDeferredRenderer::ProducerThreadProc(void*)+0x1f
C  [CoreAudio+0x142a09]  CAPThread::Entry(CAPThread*)+0x4d
C  [libsystem_pthread.dylib+0x36c1]  _pthread_body+0x154
C  [libsystem_pthread.dylib+0x356d]  _pthread_body+0x0
C  [libsystem_pthread.dylib+0x2c5d]  thread_start+0xd


---------------  P R O C E S S  ---------------

VM state:at safepoint (normal execution)

VM Mutex/Monitor currently owned by a thread:  ([mutex/lock_event])
[0x00007fecf050e850] Threads_lock - owner thread: 0x00007fecf0838000
[0x00007fecf050ed50] Heap_lock - owner thread: 0x00007fecf127e800

Heap:
 PSYoungGen      total 24064K, used 20645K [0x00000007a5580000, 0x00000007a7000000, 0x00000007c0000000)
  eden space 20992K, 84% used [0x00000007a5580000,0x00000007a66c9498,0x00000007a6a00000)
  from space 3072K, 95% used [0x00000007a6a00000,0x00000007a6ce0050,0x00000007a6d00000)
  to   space 3072K, 0% used [0x00000007a6d00000,0x00000007a6d00000,0x00000007a7000000)
 ParOldGen       total 54784K, used 24K [0x0000000770000000, 0x0000000773580000, 0x00000007a5580000)
  object space 54784K, 0% used [0x0000000770000000,0x0000000770006000,0x0000000773580000)
 Metaspace       used 13669K, capacity 14186K, committed 14336K, reserved 1060864K
  class space    used 1834K, capacity 1987K, committed 2048K, reserved 1048576K

Card table byte_map: [0x00000001059c0000,0x0000000105c41000] byte_map_base: 0x0000000101e40000

Marking Bits: (ParMarkBitMap*) 0x0000000104a5b5d0
 Begin Bits: [0x0000000105dec000, 0x00000001071ec000)
 End Bits:   [0x00000001071ec000, 0x00000001085ec000)

Polling page: 0x0000000105152000

CodeCache: size=245760Kb used=3799Kb max_used=3803Kb free=241960Kb
 bounds [0x0000000109eef000, 0x000000010a2af000, 0x0000000118eef000]
 total_blobs=1855 nmethods=1261 adapters=509
 compilation: enabled

Compilation events (10 events):
Event: 13.118 Thread 0x00007fecf0879000 1257       3       java.lang.invoke.InnerClassLambdaMetafactory::getParameterSize (27 bytes)
Event: 13.118 Thread 0x00007fecf0879000 nmethod 1257 0x000000010a2a4f50 code [0x000000010a2a50c0, 0x000000010a2a52f0]
Event: 13.118 Thread 0x00007fecf0879000 1258       1       java.lang.invoke.InnerClassLambdaMetafactory::access$200 (5 bytes)
Event: 13.118 Thread 0x00007fecf0879000 nmethod 1258 0x000000010a2a4c90 code [0x000000010a2a4de0, 0x000000010a2a4ed0]
Event: 13.118 Thread 0x00007fecf0879000 1259       1       java.lang.invoke.InnerClassLambdaMetafactory::access$500 (5 bytes)
Event: 13.118 Thread 0x00007fecf0879000 nmethod 1259 0x000000010a2a49d0 code [0x000000010a2a4b20, 0x000000010a2a4c10]
Event: 13.118 Thread 0x00007fecf0879000 1260       1       java.lang.invoke.InnerClassLambdaMetafactory::access$600 (5 bytes)
Event: 13.118 Thread 0x00007fecf0879000 nmethod 1260 0x000000010a2a4710 code [0x000000010a2a4860, 0x000000010a2a4950]
Event: 13.118 Thread 0x00007fecf0879000 1261       1       java.lang.invoke.InnerClassLambdaMetafactory::access$700 (5 bytes)
Event: 13.118 Thread 0x00007fecf0879000 nmethod 1261 0x000000010a2a4450 code [0x000000010a2a45a0, 0x000000010a2a4690]

GC Heap History (6 events):
Event: 2.492 GC heap before
{Heap before GC invocations=1 (full 0):
 PSYoungGen      total 24064K, used 20992K [0x00000007a5580000, 0x00000007a7000000, 0x00000007c0000000)
  eden space 20992K, 100% used [0x00000007a5580000,0x00000007a6a00000,0x00000007a6a00000)
  from space 3072K, 0% used [0x00000007a6d00000,0x00000007a6d00000,0x00000007a7000000)
  to   space 3072K, 0% used [0x00000007a6a00000,0x00000007a6a00000,0x00000007a6d00000)
 ParOldGen       total 54784K, used 0K [0x0000000770000000, 0x0000000773580000, 0x00000007a5580000)
  object space 54784K, 0% used [0x0000000770000000,0x0000000770000000,0x0000000773580000)
 Metaspace       used 10540K, capacity 10902K, committed 11136K, reserved 1058816K
  class space    used 1290K, capacity 1391K, committed 1408K, reserved 1048576K
Event: 2.505 GC heap after
Heap after GC invocations=1 (full 0):
 PSYoungGen      total 24064K, used 2672K [0x00000007a5580000, 0x00000007a7000000, 0x00000007c0000000)
  eden space 20992K, 0% used [0x00000007a5580000,0x00000007a5580000,0x00000007a6a00000)
  from space 3072K, 86% used [0x00000007a6a00000,0x00000007a6c9c040,0x00000007a6d00000)
  to   space 3072K, 0% used [0x00000007a6d00000,0x00000007a6d00000,0x00000007a7000000)
 ParOldGen       total 54784K, used 8K [0x0000000770000000, 0x0000000773580000, 0x00000007a5580000)
  object space 54784K, 0% used [0x0000000770000000,0x0000000770002000,0x0000000773580000)
 Metaspace       used 10540K, capacity 10902K, committed 11136K, reserved 1058816K
  class space    used 1290K, capacity 1391K, committed 1408K, reserved 1048576K
}
Event: 5.487 GC heap before
{Heap before GC invocations=2 (full 0):
 PSYoungGen      total 24064K, used 23664K [0x00000007a5580000, 0x00000007a7000000, 0x00000007c0000000)
  eden space 20992K, 100% used [0x00000007a5580000,0x00000007a6a00000,0x00000007a6a00000)
  from space 3072K, 86% used [0x00000007a6a00000,0x00000007a6c9c040,0x00000007a6d00000)
  to   space 3072K, 0% used [0x00000007a6d00000,0x00000007a6d00000,0x00000007a7000000)
 ParOldGen       total 54784K, used 8K [0x0000000770000000, 0x0000000773580000, 0x00000007a5580000)
  object space 54784K, 0% used [0x0000000770000000,0x0000000770002000,0x0000000773580000)
 Metaspace       used 13229K, capacity 13690K, committed 13824K, reserved 1060864K
  class space    used 1803K, capacity 1925K, committed 2048K, reserved 1048576K
Event: 5.507 GC heap after
Heap after GC invocations=2 (full 0):
 PSYoungGen      total 24064K, used 2944K [0x00000007a5580000, 0x00000007a7000000, 0x00000007c0000000)
  eden space 20992K, 0% used [0x00000007a5580000,0x00000007a5580000,0x00000007a6a00000)
  from space 3072K, 95% used [0x00000007a6d00000,0x00000007a6fe0050,0x00000007a7000000)
  to   space 3072K, 0% used [0x00000007a6a00000,0x00000007a6a00000,0x00000007a6d00000)
 ParOldGen       total 54784K, used 16K [0x0000000770000000, 0x0000000773580000, 0x00000007a5580000)
  object space 54784K, 0% used [0x0000000770000000,0x0000000770004000,0x0000000773580000)
 Metaspace       used 13229K, capacity 13690K, committed 13824K, reserved 1060864K
  class space    used 1803K, capacity 1925K, committed 2048K, reserved 1048576K
}
Event: 9.299 GC heap before
{Heap before GC invocations=3 (full 0):
 PSYoungGen      total 24064K, used 23936K [0x00000007a5580000, 0x00000007a7000000, 0x00000007c0000000)
  eden space 20992K, 100% used [0x00000007a5580000,0x00000007a6a00000,0x00000007a6a00000)
  from space 3072K, 95% used [0x00000007a6d00000,0x00000007a6fe0050,0x00000007a7000000)
  to   space 3072K, 0% used [0x00000007a6a00000,0x00000007a6a00000,0x00000007a6d00000)
 ParOldGen       total 54784K, used 16K [0x0000000770000000, 0x0000000773580000, 0x00000007a5580000)
  object space 54784K, 0% used [0x0000000770000000,0x0000000770004000,0x0000000773580000)
 Metaspace       used 13487K, capacity 13998K, committed 14080K, reserved 1060864K
  class space    used 1825K, capacity 1975K, committed 2048K, reserved 1048576K
Event: 9.310 GC heap after
Heap after GC invocations=3 (full 0):
 PSYoungGen      total 24064K, used 2944K [0x00000007a5580000, 0x00000007a7000000, 0x00000007c0000000)
  eden space 20992K, 0% used [0x00000007a5580000,0x00000007a5580000,0x00000007a6a00000)
  from space 3072K, 95% used [0x00000007a6a00000,0x00000007a6ce0050,0x00000007a6d00000)
  to   space 3072K, 0% used [0x00000007a6d00000,0x00000007a6d00000,0x00000007a7000000)
 ParOldGen       total 54784K, used 24K [0x0000000770000000, 0x0000000773580000, 0x00000007a5580000)
  object space 54784K, 0% used [0x0000000770000000,0x0000000770006000,0x0000000773580000)
 Metaspace       used 13487K, capacity 13998K, committed 14080K, reserved 1060864K
  class space    used 1825K, capacity 1975K, committed 2048K, reserved 1048576K
}

Deoptimization events (5 events):
Event: 1.901 Thread 0x00007fecf1239800 Uncommon trap: reason=unstable_if action=reinterpret pc=0x000000010a0a0854 method=java.lang.String.replace(CC)Ljava/lang/String; @ 26
Event: 2.264 Thread 0x00007fecf1239800 Uncommon trap: reason=unstable_if action=reinterpret pc=0x000000010a0c7834 method=java.lang.String.indexOf([CII[CIII)I @ 134
Event: 2.345 Thread 0x00007fecf1239800 Uncommon trap: reason=unstable_if action=reinterpret pc=0x000000010a1320c4 method=java.lang.AbstractStringBuilder.append(Ljava/lang/String;)Ljava/lang/AbstractStringBuilder; @ 1
Event: 2.396 Thread 0x00007fecf1239800 Uncommon trap: reason=unstable_if action=reinterpret pc=0x000000010a132a70 method=java.util.HashMap.getNode(ILjava/lang/Object;)Ljava/util/HashMap$Node; @ 84
Event: 2.433 Thread 0x00007fecf1239800 Uncommon trap: reason=unstable_if action=reinterpret pc=0x000000010a12f9c8 method=java.util.HashMap.getNode(ILjava/lang/Object;)Ljava/util/HashMap$Node; @ 84

Internal exceptions (10 events):
Event: 0.784 Thread 0x00007fecf0806800 Exception <a 'java/security/PrivilegedActionException'> (0x00000007a5830a10) thrown at [/Users/java_re/workspace/8-2-build-macosx-x86_64/jdk8u151/9699/hotspot/src/share/vm/prims/jvm.cpp, line 1390]
Event: 0.785 Thread 0x00007fecf0806800 Exception <a 'java/security/PrivilegedActionException'> (0x00000007a5833d40) thrown at [/Users/java_re/workspace/8-2-build-macosx-x86_64/jdk8u151/9699/hotspot/src/share/vm/prims/jvm.cpp, line 1390]
Event: 0.785 Thread 0x00007fecf0806800 Exception <a 'java/security/PrivilegedActionException'> (0x00000007a5833f50) thrown at [/Users/java_re/workspace/8-2-build-macosx-x86_64/jdk8u151/9699/hotspot/src/share/vm/prims/jvm.cpp, line 1390]
Event: 0.785 Thread 0x00007fecf0806800 Exception <a 'java/lang/NullPointerException'> (0x00000007a5834740) thrown at [/Users/java_re/workspace/8-2-build-macosx-x86_64/jdk8u151/9699/hotspot/src/share/vm/interpreter/linkResolver.cpp, line 1183]
Event: 2.072 Thread 0x00007fecf1239800 Exception <a 'java/lang/NullPointerException'> (0x00000007a617f310) thrown at [/Users/java_re/workspace/8-2-build-macosx-x86_64/jdk8u151/9699/hotspot/src/share/vm/interpreter/linkResolver.cpp, line 1183]
Event: 2.072 Thread 0x00007fecf1239800 Exception <a 'java/lang/NullPointerException'> (0x00000007a617f310) thrown at [/Users/java_re/workspace/8-2-build-macosx-x86_64/jdk8u151/9699/hotspot/src/share/vm/prims/jvm.cpp, line 1394]
Event: 2.345 Thread 0x00007fecf1239800 Implicit null exception at 0x000000010a131cf6 to 0x000000010a1320ad
Event: 2.359 Thread 0x00007fecf1239800 Exception <a 'java/lang/NullPointerException'> (0x00000007a6471240) thrown at [/Users/java_re/workspace/8-2-build-macosx-x86_64/jdk8u151/9699/hotspot/src/share/vm/interpreter/linkResolver.cpp, line 1285]
Event: 3.068 Thread 0x00007fecf1239800 Exception <a 'java/lang/NullPointerException'> (0x00000007a63cf7d8) thrown at [/Users/java_re/workspace/8-2-build-macosx-x86_64/jdk8u151/9699/hotspot/src/share/vm/interpreter/linkResolver.cpp, line 1183]
Event: 3.071 Thread 0x00007fecf1239800 Exception <a 'java/lang/NullPointerException'> (0x00000007a63d78a8) thrown at [/Users/java_re/workspace/8-2-build-macosx-x86_64/jdk8u151/9699/hotspot/src/share/vm/interpreter/linkResolver.cpp, line 1183]

Events (10 events):
Event: 13.118 Thread 0x00007fecf127e800 Thread exited: 0x00007fecf127e800
Event: 13.118 Thread 0x00007fecf0806800 Thread exited: 0x00007fecf0806800
Event: 13.118 Thread 0x00007fecf127e800 Thread added: 0x00007fecf127e800
Event: 13.119 loading class java/util/IdentityHashMap$KeySet
Event: 13.119 loading class java/util/IdentityHashMap$KeySet done
Event: 13.119 loading class java/util/IdentityHashMap$KeyIterator
Event: 13.119 loading class java/util/IdentityHashMap$IdentityHashMapIterator
Event: 13.119 loading class java/util/IdentityHashMap$IdentityHashMapIterator done
Event: 13.119 loading class java/util/IdentityHashMap$KeyIterator done
Event: 13.119 Thread 0x00007fecf127e800 Thread exited: 0x00007fecf127e800


Dynamic libraries:
0x000000001f18d000 	/System/Library/Frameworks/Cocoa.framework/Versions/A/Cocoa
0x000000001f18d000 	/System/Library/Frameworks/Security.framework/Versions/A/Security
0x000000001f18d000 	/System/Library/Frameworks/ApplicationServices.framework/Versions/A/ApplicationServices
0x000000001f18d000 	/usr/lib/libz.1.dylib
0x000000001f18d000 	/usr/lib/libSystem.B.dylib
0x000000001f18d000 	/usr/lib/libobjc.A.dylib
0x000000001f18d000 	/System/Library/Frameworks/CoreFoundation.framework/Versions/A/CoreFoundation
0x000000001f18d000 	/System/Library/Frameworks/Foundation.framework/Versions/C/Foundation
0x000000001f18d000 	/System/Library/Frameworks/AppKit.framework/Versions/C/AppKit
0x000000001f18d000 	/System/Library/Frameworks/CoreData.framework/Versions/A/CoreData
0x000000001f18d000 	/System/Library/PrivateFrameworks/RemoteViewServices.framework/Versions/A/RemoteViewServices
0x000000001f18d000 	/System/Library/PrivateFrameworks/UIFoundation.framework/Versions/A/UIFoundation
0x000000001f18d000 	/System/Library/PrivateFrameworks/DFRFoundation.framework/Versions/A/DFRFoundation
0x000000001f18d000 	/System/Library/Frameworks/Metal.framework/Versions/A/Metal
0x000000001f18d000 	/System/Library/PrivateFrameworks/DesktopServicesPriv.framework/Versions/A/DesktopServicesPriv
0x000000001f18d000 	/usr/lib/libenergytrace.dylib
0x000000001f18d000 	/System/Library/PrivateFrameworks/SkyLight.framework/Versions/A/SkyLight
0x000000001f18d000 	/System/Library/Frameworks/CoreGraphics.framework/Versions/A/CoreGraphics
0x000000001f18d000 	/usr/lib/libScreenReader.dylib
0x000000001f18d000 	/System/Library/Frameworks/Accelerate.framework/Versions/A/Accelerate
0x000000001f18d000 	/System/Library/Frameworks/IOSurface.framework/Versions/A/IOSurface
0x000000001f18d000 	/System/Library/Frameworks/AudioToolbox.framework/Versions/A/AudioToolbox
0x000000001f18d000 	/System/Library/Frameworks/AudioUnit.framework/Versions/A/AudioUnit
0x000000001f18d000 	/System/Library/PrivateFrameworks/DataDetectorsCore.framework/Versions/A/DataDetectorsCore
0x000000001f18d000 	/System/Library/Frameworks/Carbon.framework/Versions/A/Frameworks/HIToolbox.framework/Versions/A/HIToolbox
0x000000001f18d000 	/usr/lib/libicucore.A.dylib
0x000000001f18d000 	/System/Library/Frameworks/QuartzCore.framework/Versions/A/QuartzCore
0x000000001f18d000 	/System/Library/Frameworks/Carbon.framework/Versions/A/Frameworks/SpeechRecognition.framework/Versions/A/SpeechRecognition
0x000000001f18d000 	/usr/lib/libauto.dylib
0x000000001f18d000 	/usr/lib/libxml2.2.dylib
0x000000001f18d000 	/System/Library/PrivateFrameworks/CoreUI.framework/Versions/A/CoreUI
0x000000001f18d000 	/System/Library/Frameworks/CoreAudio.framework/Versions/A/CoreAudio
0x000000001f18d000 	/System/Library/Frameworks/DiskArbitration.framework/Versions/A/DiskArbitration
0x000000001f18d000 	/usr/lib/liblangid.dylib
0x000000001f18d000 	/System/Library/PrivateFrameworks/MultitouchSupport.framework/Versions/A/MultitouchSupport
0x000000001f18d000 	/System/Library/Frameworks/IOKit.framework/Versions/A/IOKit
0x000000001f18d000 	/usr/lib/libDiagnosticMessagesClient.dylib
0x000000001f18d000 	/System/Library/Frameworks/CoreServices.framework/Versions/A/CoreServices
0x000000001f18d000 	/System/Library/PrivateFrameworks/PerformanceAnalysis.framework/Versions/A/PerformanceAnalysis
0x000000001f18d000 	/System/Library/Frameworks/OpenGL.framework/Versions/A/OpenGL
0x000000001f18d000 	/System/Library/Frameworks/ColorSync.framework/Versions/A/ColorSync
0x000000001f18d000 	/System/Library/Frameworks/CoreImage.framework/Versions/A/CoreImage
0x000000001f18d000 	/System/Library/Frameworks/CoreText.framework/Versions/A/CoreText
0x000000001f18d000 	/System/Library/Frameworks/ImageIO.framework/Versions/A/ImageIO
0x000000001f18d000 	/System/Library/PrivateFrameworks/Backup.framework/Versions/A/Backup
0x000000001f18d000 	/usr/lib/libarchive.2.dylib
0x000000001f18d000 	/System/Library/Frameworks/CFNetwork.framework/Versions/A/CFNetwork
0x000000001f18d000 	/System/Library/Frameworks/SystemConfiguration.framework/Versions/A/SystemConfiguration
0x000000001f18d000 	/usr/lib/libCRFSuite.dylib
0x000000001f18d000 	/usr/lib/libc++.1.dylib
0x000000001f18d000 	/usr/lib/libc++abi.dylib
0x000000001f18d000 	/usr/lib/system/libcache.dylib
0x000000001f18d000 	/usr/lib/system/libcommonCrypto.dylib
0x000000001f18d000 	/usr/lib/system/libcompiler_rt.dylib
0x000000001f18d000 	/usr/lib/system/libcopyfile.dylib
0x000000001f18d000 	/usr/lib/system/libcorecrypto.dylib
0x000000001f18d000 	/usr/lib/system/libdispatch.dylib
0x000000001f18d000 	/usr/lib/system/libdyld.dylib
0x000000001f18d000 	/usr/lib/system/libkeymgr.dylib
0x000000001f18d000 	/usr/lib/system/liblaunch.dylib
0x000000001f18d000 	/usr/lib/system/libmacho.dylib
0x000000001f18d000 	/usr/lib/system/libquarantine.dylib
0x000000001f18d000 	/usr/lib/system/libremovefile.dylib
0x000000001f18d000 	/usr/lib/system/libsystem_asl.dylib
0x000000001f18d000 	/usr/lib/system/libsystem_blocks.dylib
0x000000001f18d000 	/usr/lib/system/libsystem_c.dylib
0x000000001f18d000 	/usr/lib/system/libsystem_configuration.dylib
0x000000001f18d000 	/usr/lib/system/libsystem_coreservices.dylib
0x000000001f18d000 	/usr/lib/system/libsystem_darwin.dylib
0x000000001f18d000 	/usr/lib/system/libsystem_dnssd.dylib
0x000000001f18d000 	/usr/lib/system/libsystem_info.dylib
0x000000001f18d000 	/usr/lib/system/libsystem_m.dylib
0x000000001f18d000 	/usr/lib/system/libsystem_malloc.dylib
0x000000001f18d000 	/usr/lib/system/libsystem_network.dylib
0x000000001f18d000 	/usr/lib/system/libsystem_networkextension.dylib
0x000000001f18d000 	/usr/lib/system/libsystem_notify.dylib
0x000000001f18d000 	/usr/lib/system/libsystem_sandbox.dylib
0x000000001f18d000 	/usr/lib/system/libsystem_secinit.dylib
0x000000001f18d000 	/usr/lib/system/libsystem_kernel.dylib
0x000000001f18d000 	/usr/lib/system/libsystem_platform.dylib
0x000000001f18d000 	/usr/lib/system/libsystem_pthread.dylib
0x000000001f18d000 	/usr/lib/system/libsystem_symptoms.dylib
0x000000001f18d000 	/usr/lib/system/libsystem_trace.dylib
0x000000001f18d000 	/usr/lib/system/libunwind.dylib
0x000000001f18d000 	/usr/lib/system/libxpc.dylib
0x000000001f18d000 	/usr/lib/closure/libclosured.dylib
0x000000001f18d000 	/usr/lib/libbsm.0.dylib
0x000000001f18d000 	/usr/lib/system/libkxld.dylib
0x000000001f18d000 	/usr/lib/libOpenScriptingUtil.dylib
0x000000001f18d000 	/usr/lib/libcoretls.dylib
0x000000001f18d000 	/usr/lib/libcoretls_cfhelpers.dylib
0x000000001f18d000 	/usr/lib/libpam.2.dylib
0x000000001f18d000 	/usr/lib/libsqlite3.dylib
0x000000001f18d000 	/usr/lib/libxar.1.dylib
0x000000001f18d000 	/usr/lib/libbz2.1.0.dylib
0x000000001f18d000 	/usr/lib/liblzma.5.dylib
0x000000001f18d000 	/usr/lib/libnetwork.dylib
0x000000001f18d000 	/usr/lib/libapple_nghttp2.dylib
0x000000001f18d000 	/usr/lib/libpcap.A.dylib
0x000000001f18d000 	/usr/lib/libboringssl.dylib
0x000000001f18d000 	/usr/lib/libusrtcp.dylib
0x000000001f18d000 	/usr/lib/libapple_crypto.dylib
0x000000001f18d000 	/System/Library/Frameworks/CoreServices.framework/Versions/A/Frameworks/FSEvents.framework/Versions/A/FSEvents
0x000000001f18d000 	/System/Library/Frameworks/CoreServices.framework/Versions/A/Frameworks/CarbonCore.framework/Versions/A/CarbonCore
0x000000001f18d000 	/System/Library/Frameworks/CoreServices.framework/Versions/A/Frameworks/Metadata.framework/Versions/A/Metadata
0x000000001f18d000 	/System/Library/Frameworks/CoreServices.framework/Versions/A/Frameworks/OSServices.framework/Versions/A/OSServices
0x000000001f18d000 	/System/Library/Frameworks/CoreServices.framework/Versions/A/Frameworks/SearchKit.framework/Versions/A/SearchKit
0x000000001f18d000 	/System/Library/Frameworks/CoreServices.framework/Versions/A/Frameworks/AE.framework/Versions/A/AE
0x000000001f18d000 	/System/Library/Frameworks/CoreServices.framework/Versions/A/Frameworks/LaunchServices.framework/Versions/A/LaunchServices
0x000000001f18d000 	/System/Library/Frameworks/CoreServices.framework/Versions/A/Frameworks/DictionaryServices.framework/Versions/A/DictionaryServices
0x000000001f18d000 	/System/Library/Frameworks/CoreServices.framework/Versions/A/Frameworks/SharedFileList.framework/Versions/A/SharedFileList
0x000000001f18d000 	/System/Library/Frameworks/NetFS.framework/Versions/A/NetFS
0x000000001f18d000 	/System/Library/PrivateFrameworks/NetAuth.framework/Versions/A/NetAuth
0x000000001f18d000 	/System/Library/PrivateFrameworks/login.framework/Versions/A/Frameworks/loginsupport.framework/Versions/A/loginsupport
0x000000001f18d000 	/System/Library/PrivateFrameworks/TCC.framework/Versions/A/TCC
0x000000001f18d000 	/usr/lib/libmecabra.dylib
0x000000001f18d000 	/System/Library/Frameworks/ApplicationServices.framework/Versions/A/Frameworks/ATS.framework/Versions/A/ATS
0x000000001f18d000 	/System/Library/Frameworks/ApplicationServices.framework/Versions/A/Frameworks/ColorSyncLegacy.framework/Versions/A/ColorSyncLegacy
0x000000001f18d000 	/System/Library/Frameworks/ApplicationServices.framework/Versions/A/Frameworks/HIServices.framework/Versions/A/HIServices
0x000000001f18d000 	/System/Library/Frameworks/ApplicationServices.framework/Versions/A/Frameworks/LangAnalysis.framework/Versions/A/LangAnalysis
0x000000001f18d000 	/System/Library/Frameworks/ApplicationServices.framework/Versions/A/Frameworks/PrintCore.framework/Versions/A/PrintCore
0x000000001f18d000 	/System/Library/Frameworks/ApplicationServices.framework/Versions/A/Frameworks/QD.framework/Versions/A/QD
0x000000001f18d000 	/System/Library/Frameworks/ApplicationServices.framework/Versions/A/Frameworks/SpeechSynthesis.framework/Versions/A/SpeechSynthesis
0x000000001f18d000 	/System/Library/Frameworks/CoreDisplay.framework/Versions/A/CoreDisplay
0x000000001f18d000 	/System/Library/Frameworks/Accelerate.framework/Versions/A/Frameworks/vImage.framework/Versions/A/vImage
0x000000001f18d000 	/System/Library/Frameworks/Accelerate.framework/Versions/A/Frameworks/vecLib.framework/Versions/A/vecLib
0x000000001f18d000 	/System/Library/Frameworks/Accelerate.framework/Versions/A/Frameworks/vecLib.framework/Versions/A/libvDSP.dylib
0x000000001f18d000 	/System/Library/Frameworks/Accelerate.framework/Versions/A/Frameworks/vecLib.framework/Versions/A/libBNNS.dylib
0x000000001f18d000 	/System/Library/Frameworks/Accelerate.framework/Versions/A/Frameworks/vecLib.framework/Versions/A/libQuadrature.dylib
0x000000001f18d000 	/System/Library/Frameworks/Accelerate.framework/Versions/A/Frameworks/vecLib.framework/Versions/A/libvMisc.dylib
0x000000001f18d000 	/System/Library/Frameworks/Accelerate.framework/Versions/A/Frameworks/vecLib.framework/Versions/A/libLAPACK.dylib
0x000000001f18d000 	/System/Library/Frameworks/Accelerate.framework/Versions/A/Frameworks/vecLib.framework/Versions/A/libBLAS.dylib
0x000000001f18d000 	/System/Library/Frameworks/Accelerate.framework/Versions/A/Frameworks/vecLib.framework/Versions/A/libLinearAlgebra.dylib
0x000000001f18d000 	/System/Library/Frameworks/Accelerate.framework/Versions/A/Frameworks/vecLib.framework/Versions/A/libSparse.dylib
0x000000001f18d000 	/System/Library/Frameworks/Accelerate.framework/Versions/A/Frameworks/vecLib.framework/Versions/A/libSparseBLAS.dylib
0x000000001f18d000 	/System/Library/PrivateFrameworks/IOAccelerator.framework/Versions/A/IOAccelerator
0x000000001f18d000 	/System/Library/PrivateFrameworks/IOPresentment.framework/Versions/A/IOPresentment
0x000000001f18d000 	/System/Library/PrivateFrameworks/DSExternalDisplay.framework/Versions/A/DSExternalDisplay
0x000000001f18d000 	/System/Library/Frameworks/OpenGL.framework/Versions/A/Libraries/libCoreFSCache.dylib
0x000000001f18d000 	/System/Library/Frameworks/CoreVideo.framework/Versions/A/CoreVideo
0x000000001f18d000 	/System/Library/PrivateFrameworks/GraphVisualizer.framework/Versions/A/GraphVisualizer
0x000000001f18d000 	/System/Library/Frameworks/MetalPerformanceShaders.framework/Versions/A/MetalPerformanceShaders
0x000000001f18d000 	/usr/lib/libFosl_dynamic.dylib
0x000000001f18d000 	/System/Library/PrivateFrameworks/FaceCore.framework/Versions/A/FaceCore
0x000000001f18d000 	/System/Library/Frameworks/OpenCL.framework/Versions/A/OpenCL
0x000000001f18d000 	/usr/lib/libcompression.dylib
0x000000001f18d000 	/System/Library/Frameworks/ApplicationServices.framework/Versions/A/Frameworks/ATS.framework/Versions/A/Resources/libFontParser.dylib
0x000000001f18d000 	/System/Library/Frameworks/ApplicationServices.framework/Versions/A/Frameworks/ATS.framework/Versions/A/Resources/libFontRegistry.dylib
0x000000001f18d000 	/System/Library/Frameworks/ImageIO.framework/Versions/A/Resources/libJPEG.dylib
0x000000001f18d000 	/System/Library/Frameworks/ImageIO.framework/Versions/A/Resources/libTIFF.dylib
0x000000001f18d000 	/System/Library/Frameworks/ImageIO.framework/Versions/A/Resources/libPng.dylib
0x000000001f18d000 	/System/Library/Frameworks/ImageIO.framework/Versions/A/Resources/libGIF.dylib
0x000000001f18d000 	/System/Library/Frameworks/ImageIO.framework/Versions/A/Resources/libJP2.dylib
0x000000001f18d000 	/System/Library/Frameworks/ImageIO.framework/Versions/A/Resources/libRadiance.dylib
0x000000001f18d000 	/System/Library/PrivateFrameworks/AppleJPEG.framework/Versions/A/AppleJPEG
0x000000001f18d000 	/System/Library/PrivateFrameworks/MetalTools.framework/Versions/A/MetalTools
0x000000001f18d000 	/System/Library/Frameworks/MetalPerformanceShaders.framework/Frameworks/MPSCore.framework/Versions/A/MPSCore
0x000000001f18d000 	/System/Library/Frameworks/MetalPerformanceShaders.framework/Frameworks/MPSImage.framework/Versions/A/MPSImage
0x000000001f18d000 	/System/Library/Frameworks/MetalPerformanceShaders.framework/Frameworks/MPSMatrix.framework/Versions/A/MPSMatrix
0x000000001f18d000 	/System/Library/Frameworks/MetalPerformanceShaders.framework/Frameworks/MPSNeuralNetwork.framework/Versions/A/MPSNeuralNetwork
0x000000001f18d000 	/System/Library/Frameworks/OpenGL.framework/Versions/A/Libraries/libGLU.dylib
0x000000001f18d000 	/System/Library/Frameworks/OpenGL.framework/Versions/A/Libraries/libGFXShared.dylib
0x000000001f18d000 	/System/Library/Frameworks/OpenGL.framework/Versions/A/Libraries/libGL.dylib
0x000000001f18d000 	/System/Library/Frameworks/OpenGL.framework/Versions/A/Libraries/libGLImage.dylib
0x000000001f18d000 	/System/Library/Frameworks/OpenGL.framework/Versions/A/Libraries/libCVMSPluginSupport.dylib
0x000000001f18d000 	/System/Library/Frameworks/OpenGL.framework/Versions/A/Libraries/libCoreVMClient.dylib
0x000000001f18d000 	/usr/lib/libcups.2.dylib
0x000000001f18d000 	/System/Library/Frameworks/Kerberos.framework/Versions/A/Kerberos
0x000000001f18d000 	/System/Library/Frameworks/GSS.framework/Versions/A/GSS
0x000000001f18d000 	/usr/lib/libresolv.9.dylib
0x000000001f18d000 	/usr/lib/libiconv.2.dylib
0x000000001f18d000 	/System/Library/PrivateFrameworks/Heimdal.framework/Versions/A/Heimdal
0x000000001f18d000 	/usr/lib/libheimdal-asn1.dylib
0x000000001f18d000 	/System/Library/Frameworks/OpenDirectory.framework/Versions/A/OpenDirectory
0x000000001f18d000 	/System/Library/PrivateFrameworks/CommonAuth.framework/Versions/A/CommonAuth
0x000000001f18d000 	/System/Library/Frameworks/OpenDirectory.framework/Versions/A/Frameworks/CFOpenDirectory.framework/Versions/A/CFOpenDirectory
0x000000001f18d000 	/System/Library/Frameworks/SecurityFoundation.framework/Versions/A/SecurityFoundation
0x000000001f18d000 	/System/Library/PrivateFrameworks/APFS.framework/Versions/A/APFS
0x000000001f18d000 	/usr/lib/libutil.dylib
0x000000001f18d000 	/System/Library/PrivateFrameworks/AppleSauce.framework/Versions/A/AppleSauce
0x000000001f18d000 	/System/Library/PrivateFrameworks/LinguisticData.framework/Versions/A/LinguisticData
0x000000001f18d000 	/usr/lib/libmarisa.dylib
0x000000001f18d000 	/System/Library/PrivateFrameworks/Lexicon.framework/Versions/A/Lexicon
0x000000001f18d000 	/usr/lib/libChineseTokenizer.dylib
0x000000001f18d000 	/usr/lib/libcmph.dylib
0x000000001f18d000 	/System/Library/PrivateFrameworks/LanguageModeling.framework/Versions/A/LanguageModeling
0x000000001f18d000 	/System/Library/PrivateFrameworks/CoreEmoji.framework/Versions/A/CoreEmoji
0x000000001f18d000 	/System/Library/Frameworks/ServiceManagement.framework/Versions/A/ServiceManagement
0x000000001f18d000 	/System/Library/PrivateFrameworks/BackgroundTaskManagement.framework/Versions/A/BackgroundTaskManagement
0x000000001f18d000 	/usr/lib/libxslt.1.dylib
0x000000001f18d000 	/System/Library/Frameworks/Carbon.framework/Versions/A/Frameworks/Ink.framework/Versions/A/Ink
0x000000001f18d000 	/System/Library/PrivateFrameworks/TextureIO.framework/Versions/A/TextureIO
0x000000001f18d000 	/usr/lib/libate.dylib
0x000000001f18d000 	/System/Library/PrivateFrameworks/CrashReporterSupport.framework/Versions/A/CrashReporterSupport
0x000000001f18d000 	/System/Library/PrivateFrameworks/Sharing.framework/Versions/A/Sharing
0x000000001f18d000 	/System/Library/PrivateFrameworks/IconServices.framework/Versions/A/IconServices
0x000000001f18d000 	/System/Library/PrivateFrameworks/ProtocolBuffer.framework/Versions/A/ProtocolBuffer
0x000000001f18d000 	/System/Library/PrivateFrameworks/Apple80211.framework/Versions/A/Apple80211
0x000000001f18d000 	/System/Library/Frameworks/CoreWLAN.framework/Versions/A/CoreWLAN
0x000000001f18d000 	/System/Library/PrivateFrameworks/CoreUtils.framework/Versions/A/CoreUtils
0x000000001f18d000 	/System/Library/Frameworks/IOBluetooth.framework/Versions/A/IOBluetooth
0x000000001f18d000 	/System/Library/PrivateFrameworks/CoreWiFi.framework/Versions/A/CoreWiFi
0x000000001f18d000 	/System/Library/Frameworks/CoreBluetooth.framework/Versions/A/CoreBluetooth
0x000000001f18d000 	/System/Library/PrivateFrameworks/SignpostNotification.framework/Versions/A/SignpostNotification
0x000000001f18d000 	/System/Library/PrivateFrameworks/DebugSymbols.framework/Versions/A/DebugSymbols
0x000000001f18d000 	/System/Library/PrivateFrameworks/CoreSymbolication.framework/Versions/A/CoreSymbolication
0x000000001f18d000 	/System/Library/PrivateFrameworks/Symbolication.framework/Versions/A/Symbolication
0x000000001f18d000 	/System/Library/PrivateFrameworks/AppleFSCompression.framework/Versions/A/AppleFSCompression
0x000000001f18d000 	/System/Library/PrivateFrameworks/SpeechRecognitionCore.framework/Versions/A/SpeechRecognitionCore
0x0000000104168000 	/Library/Java/JavaVirtualMachines/jdk1.8.0_151.jdk/Contents/Home/jre/lib/server/libjvm.dylib
0x000000001f18d000 	/usr/lib/libstdc++.6.0.9.dylib
0x000000010510f000 	/Library/Java/JavaVirtualMachines/jdk1.8.0_151.jdk/Contents/Home/jre/lib/libverify.dylib
0x000000010511d000 	/Library/Java/JavaVirtualMachines/jdk1.8.0_151.jdk/Contents/Home/jre/lib/libjava.dylib
0x000000010519c000 	/Library/Java/JavaVirtualMachines/jdk1.8.0_151.jdk/Contents/Home/jre/lib/libzip.dylib
0x000000001f18d000 	/System/Library/Frameworks/JavaVM.framework/Versions/A/Frameworks/JavaRuntimeSupport.framework/Versions/A/JavaRuntimeSupport
0x000000001f18d000 	/System/Library/Frameworks/JavaVM.framework/Versions/A/Frameworks/JavaNativeFoundation.framework/Versions/A/JavaNativeFoundation
0x000000001f18d000 	/System/Library/Frameworks/JavaVM.framework/Versions/A/JavaVM
0x000000001f18d000 	/System/Library/Frameworks/Carbon.framework/Versions/A/Carbon
0x000000001f18d000 	/System/Library/PrivateFrameworks/JavaLaunching.framework/Versions/A/JavaLaunching
0x000000001f18d000 	/System/Library/Frameworks/Carbon.framework/Versions/A/Frameworks/CommonPanels.framework/Versions/A/CommonPanels
0x000000001f18d000 	/System/Library/Frameworks/Carbon.framework/Versions/A/Frameworks/Help.framework/Versions/A/Help
0x000000001f18d000 	/System/Library/Frameworks/Carbon.framework/Versions/A/Frameworks/ImageCapture.framework/Versions/A/ImageCapture
0x000000001f18d000 	/System/Library/Frameworks/Carbon.framework/Versions/A/Frameworks/OpenScripting.framework/Versions/A/OpenScripting
0x000000001f18d000 	/System/Library/Frameworks/Carbon.framework/Versions/A/Frameworks/Print.framework/Versions/A/Print
0x000000001f18d000 	/System/Library/Frameworks/Carbon.framework/Versions/A/Frameworks/SecurityHI.framework/Versions/A/SecurityHI
0x0000000109e1b000 	/Library/Java/JavaVirtualMachines/jdk1.8.0_151.jdk/Contents/Home/jre/lib/libprism_es2.dylib
0x000000001f18d000 	/System/Library/PrivateFrameworks/CoreServicesInternal.framework/Versions/A/CoreServicesInternal
0x000000001f18d000 	/System/Library/Frameworks/OpenGL.framework/Versions/A/Resources/GLEngine.bundle/GLEngine
0x000000001f18d000 	/System/Library/Frameworks/OpenGL.framework/Versions/A/Libraries/libGLProgrammability.dylib
0x000000011a98c000 	/System/Library/Extensions/GeForceTeslaGLDriver.bundle/Contents/MacOS/GeForceTeslaGLDriver
0x000000001f18d000 	/System/Library/Extensions/GeForceTeslaGLDriver.bundle/Contents/MacOS/libclh.dylib
0x000000001f18d000 	/System/Library/PrivateFrameworks/GPUSupport.framework/Versions/A/Libraries/libGPUSupport.dylib
0x000000001f18d000 	/System/Library/Frameworks/OpenGL.framework/Versions/A/Resources/GLRendererFloat.bundle/GLRendererFloat
0x000000001f18d000 	/System/Library/Frameworks/OpenCL.framework/Versions/A/Libraries/libcldcpuengine.dylib
0x000000001f18d000 	/usr/lib/libcrypto.35.dylib
0x000000001f18d000 	/System/Library/PrivateFrameworks/TrustEvaluationAgent.framework/Versions/A/TrustEvaluationAgent
0x000000011c5d7000 	/Library/Java/JavaVirtualMachines/jdk1.8.0_151.jdk/Contents/Home/jre/lib/libglass.dylib
0x000000001f18d000 	/System/Library/CoreServices/RawCamera.bundle/Contents/MacOS/RawCamera
0x000000001f18d000 	/System/Library/PrivateFrameworks/MobileAsset.framework/Versions/A/MobileAsset
0x000000001f18d000 	/System/Library/PrivateFrameworks/StreamingZip.framework/Versions/A/StreamingZip
0x000000001f18d000 	/System/Library/Frameworks/MediaToolbox.framework/Versions/A/MediaToolbox
0x000000001f18d000 	/System/Library/PrivateFrameworks/CoreAVCHD.framework/Versions/A/CoreAVCHD
0x000000001f18d000 	/System/Library/Frameworks/MediaAccessibility.framework/Versions/A/MediaAccessibility
0x000000001f18d000 	/System/Library/PrivateFrameworks/Mangrove.framework/Versions/A/Mangrove
0x000000001f18d000 	/System/Library/Frameworks/CoreMedia.framework/Versions/A/CoreMedia
0x000000001f18d000 	/System/Library/Frameworks/VideoToolbox.framework/Versions/A/VideoToolbox
0x000000001f18d000 	/System/Library/PrivateFrameworks/CoreAUC.framework/Versions/A/CoreAUC
0x000000001f18d000 	/usr/lib/libspindump.dylib
0x000000001f18d000 	/usr/lib/libdscsym.dylib
0x000000001f18d000 	/System/Library/PrivateFrameworks/AppleVA.framework/Versions/A/AppleVA
0x000000001f18d000 	/System/Library/Frameworks/Accelerate.framework/Versions/A/Frameworks/vImage.framework/Versions/A/Libraries/libCGInterfaces.dylib
0x000000001f18d000 	/System/Library/PrivateFrameworks/FamilyControls.framework/Versions/A/FamilyControls
0x000000001f18d000 	/System/Library/PrivateFrameworks/CommerceKit.framework/Versions/A/Frameworks/CommerceCore.framework/Versions/A/CommerceCore
0x000000001f18d000 	/System/Library/PrivateFrameworks/SystemAdministration.framework/Versions/A/SystemAdministration
0x000000001f18d000 	/System/Library/PrivateFrameworks/AppContainer.framework/Versions/A/AppContainer
0x000000001f18d000 	/System/Library/PrivateFrameworks/SecCodeWrapper.framework/Versions/A/SecCodeWrapper
0x000000001f18d000 	/System/Library/PrivateFrameworks/DiskManagement.framework/Versions/A/DiskManagement
0x000000001f18d000 	/System/Library/Frameworks/DirectoryService.framework/Versions/A/DirectoryService
0x000000001f18d000 	/System/Library/PrivateFrameworks/DiskImages.framework/Versions/A/DiskImages
0x000000001f18d000 	/System/Library/PrivateFrameworks/LoginUIKit.framework/Versions/A/Frameworks/LoginUICore.framework/Versions/A/LoginUICore
0x000000001f18d000 	/usr/lib/libCoreStorage.dylib
0x000000001f18d000 	/usr/lib/libcsfde.dylib
0x000000001f18d000 	/usr/lib/libodfde.dylib
0x000000001f18d000 	/System/Library/PrivateFrameworks/MediaKit.framework/Versions/A/MediaKit
0x000000001f18d000 	/System/Library/Frameworks/DiscRecording.framework/Versions/A/DiscRecording
0x000000001f18d000 	/System/Library/PrivateFrameworks/EFILogin.framework/Versions/A/EFILogin
0x000000001f18d000 	/System/Library/PrivateFrameworks/ProtectedCloudStorage.framework/Versions/A/ProtectedCloudStorage
0x000000001f18d000 	/usr/lib/libcurl.4.dylib
0x000000001f18d000 	/usr/lib/libssl.35.dylib
0x000000001f18d000 	/System/Library/Frameworks/LDAP.framework/Versions/A/LDAP
0x000000001f18d000 	/usr/lib/libsasl2.2.dylib
0x000000001f18d000 	/System/Library/PrivateFrameworks/CoreDaemon.framework/Versions/B/CoreDaemon
0x000000001f18d000 	/System/Library/PrivateFrameworks/AppleSRP.framework/Versions/A/AppleSRP
0x000000011e094000 	/Library/Java/JavaVirtualMachines/jdk1.8.0_151.jdk/Contents/Home/jre/lib/libglib-lite.dylib
0x000000011e1b5000 	/Library/Java/JavaVirtualMachines/jdk1.8.0_151.jdk/Contents/Home/jre/lib/libgstreamer-lite.dylib
0x000000011e32e000 	/Library/Java/JavaVirtualMachines/jdk1.8.0_151.jdk/Contents/Home/jre/lib/libjfxmedia.dylib
0x000000011e369000 	/Library/Java/JavaVirtualMachines/jdk1.8.0_151.jdk/Contents/Home/jre/lib/libjfxmedia_avf.dylib
0x000000001f18d000 	/System/Library/Frameworks/AVFoundation.framework/Versions/A/AVFoundation
0x000000001f18d000 	/System/Library/Frameworks/AVFoundation.framework/Versions/A/Frameworks/AVFAudio.framework/Versions/A/AVFAudio
0x000000001f18d000 	/System/Library/PrivateFrameworks/IntlPreferences.framework/Versions/A/IntlPreferences
0x000000001f18d000 	/System/Library/Frameworks/CoreMediaIO.framework/Versions/A/CoreMediaIO
0x000000001f18d000 	/System/Library/PrivateFrameworks/RemoteServiceDiscovery.framework/Versions/A/RemoteServiceDiscovery
0x000000001f18d000 	/System/Library/PrivateFrameworks/RemoteXPC.framework/Versions/A/RemoteXPC
0x000000001f18d000 	/System/Library/PrivateFrameworks/InternationalSupport.framework/Versions/A/InternationalSupport
0x000000011e39e000 	/Library/Java/JavaVirtualMachines/jdk1.8.0_151.jdk/Contents/Home/jre/lib/libjfxmedia_qtkit.dylib
0x000000001f18d000 	/System/Library/Frameworks/QTKit.framework/Versions/A/QTKit
0x000000001f18d000 	/System/Library/PrivateFrameworks/CoreMediaAuthoring.framework/Versions/A/CoreMediaAuthoring
0x000000011e3ab000 	/Library/Java/JavaVirtualMachines/jdk1.8.0_151.jdk/Contents/Home/jre/lib/libfxplugins.dylib
0x000000001f18d000 	/System/Library/Frameworks/VideoDecodeAcceleration.framework/Versions/A/VideoDecodeAcceleration
0x000000011e3d6000 	/Library/Java/JavaVirtualMachines/jdk1.8.0_151.jdk/Contents/Home/jre/lib/libnet.dylib
0x000000011e435000 	/Library/Java/JavaVirtualMachines/jdk1.8.0_151.jdk/Contents/Home/jre/lib/libnio.dylib
0x000000011e445000 	/System/Library/Extensions/AppleHDA.kext/Contents/PlugIns/AppleHDAHALPlugIn.bundle/Contents/MacOS/AppleHDAHALPlugIn
0x000000011e477000 	/System/Library/Components/CoreAudio.component/Contents/MacOS/CoreAudio
0x000000011e6be000 	/System/Library/Components/AudioCodecs.component/Contents/MacOS/AudioCodecs
0x000000001f18d000 	/System/Library/PrivateFrameworks/AppleGVA.framework/Versions/A/AppleGVA
0x000000011f038000 	/System/Library/Extensions/GeForceTeslaVADriver.bundle/Contents/MacOS/GeForceTeslaVADriver
0x000000011ee75000 	/System/Library/Extensions/AppleVADriver.bundle/Contents/MacOS/AVA_HD_VP3.dylib
0x000000011cc7d000 	/Library/Java/JavaVirtualMachines/jdk1.8.0_151.jdk/Contents/Home/jre/lib/libjavafx_font.dylib
0x000000001f18d000 	/System/Library/Frameworks/ApplicationServices.framework/Versions/A/Frameworks/ATS.framework/Versions/A/Resources/libTrueTypeScaler.dylib
0x000000001f18d000 	/System/Library/PrivateFrameworks/ViewBridge.framework/Versions/A/ViewBridge
0x000000001f18d000 	/usr/lib/libsystemstats.dylib

VM Arguments:
jvm_args: -Dfile.encoding=UTF-8 
java_command: sample.Main
java_class_path (initial): /Library/Java/JavaVirtualMachines/jdk1.8.0_151.jdk/Contents/Home/jre/lib/charsets.jar:/Library/Java/JavaVirtualMachines/jdk1.8.0_151.jdk/Contents/Home/jre/lib/deploy.jar:/Library/Java/JavaVirtualMachines/jdk1.8.0_151.jdk/Contents/Home/jre/lib/ext/cldrdata.jar:/Library/Java/JavaVirtualMachines/jdk1.8.0_151.jdk/Contents/Home/jre/lib/ext/dnsns.jar:/Library/Java/JavaVirtualMachines/jdk1.8.0_151.jdk/Contents/Home/jre/lib/ext/jaccess.jar:/Library/Java/JavaVirtualMachines/jdk1.8.0_151.jdk/Contents/Home/jre/lib/ext/jfxrt.jar:/Library/Java/JavaVirtualMachines/jdk1.8.0_151.jdk/Contents/Home/jre/lib/ext/localedata.jar:/Library/Java/JavaVirtualMachines/jdk1.8.0_151.jdk/Contents/Home/jre/lib/ext/nashorn.jar:/Library/Java/JavaVirtualMachines/jdk1.8.0_151.jdk/Contents/Home/jre/lib/ext/sunec.jar:/Library/Java/JavaVirtualMachines/jdk1.8.0_151.jdk/Contents/Home/jre/lib/ext/sunjce_provider.jar:/Library/Java/JavaVirtualMachines/jdk1.8.0_151.jdk/Contents/Home/jre/lib/ext/sunpkcs11.jar:/Library/Java/JavaVirtualMachines/jdk1.8.0_151.jdk/Contents/Home/jre/lib/ext/zipfs.jar:/Library/Java/JavaVirtualMachines/jdk1.8.0_151.jdk/Contents/Home/jre/lib/javaws.jar:/Library/Java/JavaVirtualMachines/jdk1.8.0_151.jdk/Contents/Home/jre/lib/jce.jar:/Library/Java/JavaVirtualMachines/jdk1.8.0_151.jdk/Contents/Home/jre/lib/jfr.jar:/Library/Java/JavaVirtualMachines/jdk1.8.0_151.jdk/Contents/Home/jre/lib/jfxswt.jar:/Library/Java/JavaVirtualMachines/jdk1.8.0_151.jdk/Contents/Home/jre/lib/jsse.jar:/Library/Java/JavaVirtualMachines/jdk1.8.0_151.jdk/Contents/Home/jre/lib/management-agent.jar:/Library/Java/JavaVirtualMachines/jdk1.8.0_151.jdk/Contents/Home/jre/lib/plugin.jar:/Library/Java/JavaVirtualMachines/jdk1.8.0_151.jdk/Contents/Home/jre/lib/resources.jar:/Library/Java/JavaVirtualMachines/jdk1.8.0_151.jdk/Contents/Home/jre/lib/rt.jar:/Library/Java/JavaVirtualMachines/jdk1.8.0_151.jdk/Contents/Home/lib/ant-javafx.jar:/Library/Java/JavaVirtualMachines/jdk1.8.0_151.jdk/Contents/Home
Launcher Type: SUN_STANDARD

Environment Variables:
PATH=/usr/local/bin:/usr/bin:/bin:/usr/sbin:/sbin:/Library/Frameworks/Mono.framework/Versions/Current/Commands
SHELL=/bin/bash

Signal Handlers:
SIGSEGV: [libjvm.dylib+0x5b27a5], sa_mask[0]=11111111011111110111111111111111, sa_flags=SA_ONSTACK|SA_RESTART|SA_SIGINFO
SIGBUS: [libjvm.dylib+0x5b27a5], sa_mask[0]=11111111011111110111111111111111, sa_flags=SA_RESTART|SA_SIGINFO
SIGFPE: [libjvm.dylib+0x4891c4], sa_mask[0]=11111111011111110111111111111111, sa_flags=SA_RESTART|SA_SIGINFO
SIGPIPE: [libjvm.dylib+0x4891c4], sa_mask[0]=11111111011111110111111111111111, sa_flags=SA_RESTART|SA_SIGINFO
SIGXFSZ: [libjvm.dylib+0x4891c4], sa_mask[0]=11111111011111110111111111111111, sa_flags=SA_RESTART|SA_SIGINFO
SIGILL: [libjvm.dylib+0x4891c4], sa_mask[0]=11111111011111110111111111111111, sa_flags=SA_RESTART|SA_SIGINFO
SIGUSR1: SIG_DFL, sa_mask[0]=00000000000000000000000000000000, sa_flags=none
SIGUSR2: [libjvm.dylib+0x488ce2], sa_mask[0]=00100000000000000000000000000000, sa_flags=SA_RESTART|SA_SIGINFO
SIGHUP: [libjvm.dylib+0x4872b9], sa_mask[0]=11111111011111110111111111111111, sa_flags=SA_RESTART|SA_SIGINFO
SIGINT: [libjvm.dylib+0x4872b9], sa_mask[0]=11111111011111110111111111111111, sa_flags=SA_RESTART|SA_SIGINFO
SIGTERM: [libjvm.dylib+0x4872b9], sa_mask[0]=11111111011111110111111111111111, sa_flags=SA_RESTART|SA_SIGINFO
SIGQUIT: [libjvm.dylib+0x4872b9], sa_mask[0]=11111111011111110111111111111111, sa_flags=SA_RESTART|SA_SIGINFO


---------------  S Y S T E M  ---------------

OS:Bsduname:Darwin 17.4.0 Darwin Kernel Version 17.4.0: Sun Dec 17 09:19:54 PST 2017; root:xnu-4570.41.2~1/RELEASE_X86_64 x86_64
rlimit: STACK 8192k, CORE 0k, NPROC 709, NOFILE 10240, AS infinity
load average:7.39 8.36 15.55

CPU:total 2 (initial active 2) (2 cores per cpu, 1 threads per core) family 6 model 23 stepping 10, cmov, cx8, fxsr, mmx, sse, sse2, sse3, ssse3, sse4.1, tsc

Memory: 4k page, physical 5242880k(65184k free)

/proc/meminfo:


vm_info: Java HotSpot(TM) 64-Bit Server VM (25.151-b12) for bsd-amd64 JRE (1.8.0_151-b12), built on Sep  5 2017 19:37:08 by "java_re" with gcc 4.2.1 (Based on Apple Inc. build 5658) (LLVM build 2336.11.00)

time: Wed Mar 14 19:10:10 2018
elapsed time: 13 seconds (0d 0h 0m 13s)

