#
# A fatal error has been detected by the Java Runtime Environment:
#
#  SIGSEGV (0xb) at pc=0x000000011650285e, pid=1527, tid=0x000000000001711f
#
# JRE version: Java(TM) SE Runtime Environment (8.0_151-b12) (build 1.8.0_151-b12)
# Java VM: Java HotSpot(TM) 64-Bit Server VM (25.151-b12 mixed mode bsd-amd64 compressed oops)
# Problematic frame:
# C  [libjfxmedia_avf.dylib+0x785e]  _ZN18AVFKernelComponent18ProcessBufferListsERjRK15AudioBufferListRS1_j+0x22
#
# Failed to write core dump. Core dumps have been disabled. To enable core dumping, try "ulimit -c unlimited" before starting Java again
#
# If you would like to submit a bug report, please visit:
#   http://bugreport.java.com/bugreport/crash.jsp
#

---------------  T H R E A D  ---------------

Current thread is native thread

siginfo: si_signo: 11 (SIGSEGV), si_code: 0 (unknown), si_addr: 0x0000000000000000

Registers:
RAX=0xc000000000000000, RBX=0x000070000608aa44, RCX=0x00007fd64cba7a40, RDX=0x00007fd64cba7a70
RSP=0x000070000608a790, RBP=0x000070000608a790, RSI=0x000070000608aa44, RDI=0x00007fd64a405fb0
R8 =0x0000000000001000, R9 =0x000070000608a5a7, R10=0x000000011651d290, R11=0x00007fd64cba7a40
R12=0x00007fd64cba7610, R13=0x00007fd64cba7a70, R14=0x000000011650283c, R15=0x0000000000001000
RIP=0x000000011650285e, EFLAGS=0x0000000000010202, ERR=0x0000000000000000
  TRAPNO=0x000000000000000d

Top of Stack: (sp=0x000070000608a790)
0x000070000608a790:   000070000608a7f0 000000011650bab2
0x000070000608a7a0:   000070000608a7e8 000070000608aa44
0x000070000608a7b0:   000070000608a7d0 00007fff3d07dfe3
0x000070000608a7c0:   000070000608a820 000070000608aa44
0x000070000608a7d0:   00007fd64cba7610 00007fd64cba7980
0x000070000608a7e0:   00007fd64cba83e0 0000000000001000
0x000070000608a7f0:   000070000608a840 0000000116506369
0x000070000608a800:   00007fff9802f1e0 000070000608aa68
0x000070000608a810:   000000000608a840 0000000000009fe0
0x000070000608a820:   00007fd64cba7980 00000000ffffffce
0x000070000608a830:   0000000000001000 00007fd64cba7610
0x000070000608a840:   000070000608a8b0 00000001165049a1
0x000070000608a850:   00007fd64cba83e0 00009fe03d017854
0x000070000608a860:   000070000608aa44 000070000608aa68
0x000070000608a870:   000000000608a8d0 00007fd64cba83e0
0x000070000608a880:   00009fe00000067e 00000000ffffffce
0x000070000608a890:   000070000608aa44 0000000000000000
0x000070000608a8a0:   0000000000001000 000070000608aa68
0x000070000608a8b0:   000070000608a8d0 0000000116508996
0x000070000608a8c0:   0000000116508968 00007fd64cba7bb0
0x000070000608a8d0:   000070000608a910 0000000116507777
0x000070000608a8e0:   00007fd64cba7bb0 000070000608aa68
0x000070000608a8f0:   00007fd64cba8130 00000000ffffd584
0x000070000608a900:   000070000608aa44 0000000000001000
0x000070000608a910:   000070000608a970 000000011650b8f0
0x000070000608a920:   000070000608a968 00007fd64ca5e760
0x000070000608a930:   000070000608a950 00007fff3d07dfe3
0x000070000608a940:   000070000608a9a0 000070000608aa44
0x000070000608a950:   00007fd64cba8130 00007fd64cba8470
0x000070000608a960:   00007fd64cd56e28 0000000000001000
0x000070000608a970:   000070000608a9c0 0000000116506369
0x000070000608a980:   00007fff9802f1e0 000070000608aa68 

Instructions: (pc=0x000000011650285e)
0x000000011650283e:   89 e5 80 bf d0 01 00 00 00 74 06 5d e9 bf 92 00
0x000000011650284e:   00 48 8b bf d8 01 00 00 48 85 ff 74 0a 48 8b 07
0x000000011650285e:   48 8b 40 28 5d ff e0 31 c0 5d c3 90 55 48 89 e5
0x000000011650286e:   41 57 41 56 41 55 41 54 53 50 4d 89 c6 41 89 d5 

Register to memory mapping:

RAX=0xc000000000000000 is an unknown value
RBX=0x000070000608aa44 is an unknown value
RCX=0x00007fd64cba7a40 is an unknown value
RDX=0x00007fd64cba7a70 is an unknown value
RSP=0x000070000608a790 is an unknown value
RBP=0x000070000608a790 is an unknown value
RSI=0x000070000608aa44 is an unknown value
RDI=0x00007fd64a405fb0 is an unknown value
R8 =0x0000000000001000 is an unknown value
R9 =0x000070000608a5a7 is an unknown value
R10=0x000000011651d290: _ZTV18AVFEqualizerKernel+0x10 in /Library/Java/JavaVirtualMachines/jdk1.8.0_151.jdk/Contents/Home/jre/lib/libjfxmedia_avf.dylib at 0x00000001164fb000
R11=0x00007fd64cba7a40 is an unknown value
R12=0x00007fd64cba7610 is an unknown value
R13=0x00007fd64cba7a70 is an unknown value
R14=0x000000011650283c: _ZN18AVFKernelComponent18ProcessBufferListsERjRK15AudioBufferListRS1_j+0 in /Library/Java/JavaVirtualMachines/jdk1.8.0_151.jdk/Contents/Home/jre/lib/libjfxmedia_avf.dylib at 0x00000001164fb000
R15=0x0000000000001000 is an unknown value


Stack: [0x000070000600b000,0x000070000608b000],  sp=0x000070000608a790,  free space=509k
Native frames: (J=compiled Java code, j=interpreted, Vv=VM code, C=native code)
C  [libjfxmedia_avf.dylib+0x785e]  _ZN18AVFKernelComponent18ProcessBufferListsERjRK15AudioBufferListRS1_j+0x22
C  [libjfxmedia_avf.dylib+0x10ab2]  _ZN12AUEffectBase6RenderERjRK14AudioTimeStampj+0x240
C  [libjfxmedia_avf.dylib+0xb369]  _ZN6AUBase11DoRenderBusERjRK14AudioTimeStampjP15AUOutputElementjR15AudioBufferList+0xa9
C  [libjfxmedia_avf.dylib+0x99a1]  _ZN6AUBase8DoRenderERjRK14AudioTimeStampjjR15AudioBufferList+0x1b9
C  [libjfxmedia_avf.dylib+0xd996]  _ZL14AUMethodRenderPvPjPK14AudioTimeStampjjP15AudioBufferList+0x2e
C  [libjfxmedia_avf.dylib+0xc777]  _ZN14AUInputElement9PullInputERjRK14AudioTimeStampjj+0x8d
C  [libjfxmedia_avf.dylib+0x108f0]  _ZN12AUEffectBase6RenderERjRK14AudioTimeStampj+0x7e
C  [libjfxmedia_avf.dylib+0xb369]  _ZN6AUBase11DoRenderBusERjRK14AudioTimeStampjP15AUOutputElementjR15AudioBufferList+0xa9
C  [libjfxmedia_avf.dylib+0x99a1]  _ZN6AUBase8DoRenderERjRK14AudioTimeStampjjR15AudioBufferList+0x1b9
C  [libjfxmedia_avf.dylib+0xd996]  _ZL14AUMethodRenderPvPjPK14AudioTimeStampjjP15AudioBufferList+0x2e
C  [libjfxmedia_avf.dylib+0x54b1]  _ZL15ProcessAudioTapPKvljP15AudioBufferListPlPj+0x63
C  [MediaToolbox+0x426178]  MTAudioProcessingTapGetSourceAudio+0x7f7
C  [AudioToolbox+0x11845e]  _Z25AQClientCallProcessingTapPvjP14AudioTimeStampPjS2_P15AudioBufferListidjdjPKhj+0x5d
C  [AudioToolbox+0x1be551]  _ZN15AQProcessingTap9DoCalloutERjR14AudioTimeStampS0_R15AudioBufferListj+0xbf
C  [AudioToolbox+0x1be375]  _ZN16AudioQueueObject18PerformTapInternalER14AudioTimeStampRjS2_j+0x8b
C  [AudioToolbox+0x1be276]  _ZN16AudioQueueObject20PerformProcessingTapEPFiPvRjRK14AudioTimeStampjR15AudioBufferListRdS1_ES0_RS2_S1_S6_S1_j+0xce
C  [AudioToolbox+0x1ca3a5]  _ZN14MEMixerChannel13TapDownstreamEPvPjPK14AudioTimeStampjjP15AudioBufferList+0x81
C  [CoreAudio+0x125469]  _ZN14AUInputElement9PullInputERjRK14AudioTimeStampjj+0xb9
C  [CoreAudio+0x66394]  _ZN18AUDeferredRenderer7ProduceEv+0x23c
C  [CoreAudio+0x66114]  _ZN18AUDeferredRenderer18ProducerThreadProcEv+0x70
C  [CoreAudio+0x65865]  _ZN18AUDeferredRenderer18ProducerThreadProcEPv+0x1f
C  [CoreAudio+0x142a09]  _ZN9CAPThread5EntryEPS_+0x4d
C  [libsystem_pthread.dylib+0x36c1]  _pthread_body+0x154
C  [libsystem_pthread.dylib+0x356d]  _pthread_body+0x0
C  [libsystem_pthread.dylib+0x2c5d]  thread_start+0xd


---------------  P R O C E S S  ---------------

VM state:at safepoint (normal execution)

VM Mutex/Monitor currently owned by a thread:  ([mutex/lock_event])
[0x00007fd64a40fd60] Threads_lock - owner thread: 0x00007fd64b026800
[0x00007fd64a410260] Heap_lock - owner thread: 0x00007fd64a808800

Heap:
 PSYoungGen      total 24064K, used 19763K [0x00000007a5580000, 0x00000007a8480000, 0x00000007c0000000)
  eden space 20992K, 80% used [0x00000007a5580000,0x00000007a65e8f68,0x00000007a6a00000)
  from space 3072K, 96% used [0x00000007a6a00000,0x00000007a6ce4060,0x00000007a6d00000)
  to   space 3072K, 0% used [0x00000007a8180000,0x00000007a8180000,0x00000007a8480000)
 ParOldGen       total 54784K, used 24K [0x0000000770000000, 0x0000000773580000, 0x00000007a5580000)
  object space 54784K, 0% used [0x0000000770000000,0x0000000770006000,0x0000000773580000)
 Metaspace       used 13809K, capacity 14380K, committed 14592K, reserved 1062912K
  class space    used 1875K, capacity 2036K, committed 2048K, reserved 1048576K

Card table byte_map: [0x000000010cc3e000,0x000000010cebf000] byte_map_base: 0x00000001090be000

Marking Bits: (ParMarkBitMap*) 0x000000010bd325d0
 Begin Bits: [0x000000010d06a000, 0x000000010e46a000)
 End Bits:   [0x000000010e46a000, 0x000000010f86a000)

Polling page: 0x000000010c3f4000

CodeCache: size=245760Kb used=3578Kb max_used=3578Kb free=242182Kb
 bounds [0x0000000118f97000, 0x0000000119317000, 0x0000000127f97000]
 total_blobs=1712 nmethods=1119 adapters=509
 compilation: enabled

Compilation events (10 events):
Event: 16.714 Thread 0x00007fd64a8c9800 nmethod 1122 0x0000000119313950 code [0x0000000119313aa0, 0x0000000119313bb0]
Event: 16.743 Thread 0x00007fd64a8c9800 1124       3       sun.invoke.util.VerifyAccess::isTypeVisible (49 bytes)
Event: 16.744 Thread 0x00007fd64a8c9800 nmethod 1124 0x0000000119313c10 code [0x0000000119313da0, 0x0000000119314308]
Event: 16.747 Thread 0x00007fd64a8c9800 1123       3       java.lang.invoke.MethodHandles::access$000 (4 bytes)
Event: 16.747 Thread 0x00007fd64a8c9800 nmethod 1123 0x0000000119314550 code [0x00000001193146a0, 0x00000001193147d0]
Event: 16.805 Thread 0x00007fd64a8c9800 1126       3       jdk.internal.org.objectweb.asm.ClassWriter::<init> (122 bytes)
Event: 16.807 Thread 0x00007fd64a8c9800 nmethod 1126 0x0000000119314b90 code [0x0000000119314da0, 0x00000001193157e8]
Event: 16.808 Thread 0x00007fd64a8c9800 1127       3       jdk.internal.org.objectweb.asm.ClassVisitor::<init> (7 bytes)
Event: 16.809 Thread 0x00007fd64a8c9800 nmethod 1127 0x0000000119315c10 code [0x0000000119315da0, 0x0000000119316108]
Event: 16.819 Thread 0x00007fd64a87d800 1128       4       jdk.internal.org.objectweb.asm.Type::getArgumentsAndReturnSizes (151 bytes)

GC Heap History (6 events):
Event: 4.011 GC heap before
{Heap before GC invocations=1 (full 0):
 PSYoungGen      total 24064K, used 20992K [0x00000007a5580000, 0x00000007a7000000, 0x00000007c0000000)
  eden space 20992K, 100% used [0x00000007a5580000,0x00000007a6a00000,0x00000007a6a00000)
  from space 3072K, 0% used [0x00000007a6d00000,0x00000007a6d00000,0x00000007a7000000)
  to   space 3072K, 0% used [0x00000007a6a00000,0x00000007a6a00000,0x00000007a6d00000)
 ParOldGen       total 54784K, used 0K [0x0000000770000000, 0x0000000773580000, 0x00000007a5580000)
  object space 54784K, 0% used [0x0000000770000000,0x0000000770000000,0x0000000773580000)
 Metaspace       used 10551K, capacity 10894K, committed 11136K, reserved 1058816K
  class space    used 1291K, capacity 1391K, committed 1408K, reserved 1048576K
Event: 4.034 GC heap after
Heap after GC invocations=1 (full 0):
 PSYoungGen      total 24064K, used 2656K [0x00000007a5580000, 0x00000007a7000000, 0x00000007c0000000)
  eden space 20992K, 0% used [0x00000007a5580000,0x00000007a5580000,0x00000007a6a00000)
  from space 3072K, 86% used [0x00000007a6a00000,0x00000007a6c98030,0x00000007a6d00000)
  to   space 3072K, 0% used [0x00000007a6d00000,0x00000007a6d00000,0x00000007a7000000)
 ParOldGen       total 54784K, used 8K [0x0000000770000000, 0x0000000773580000, 0x00000007a5580000)
  object space 54784K, 0% used [0x0000000770000000,0x0000000770002000,0x0000000773580000)
 Metaspace       used 10551K, capacity 10894K, committed 11136K, reserved 1058816K
  class space    used 1291K, capacity 1391K, committed 1408K, reserved 1048576K
}
Event: 8.355 GC heap before
{Heap before GC invocations=2 (full 0):
 PSYoungGen      total 24064K, used 23648K [0x00000007a5580000, 0x00000007a7000000, 0x00000007c0000000)
  eden space 20992K, 100% used [0x00000007a5580000,0x00000007a6a00000,0x00000007a6a00000)
  from space 3072K, 86% used [0x00000007a6a00000,0x00000007a6c98030,0x00000007a6d00000)
  to   space 3072K, 0% used [0x00000007a6d00000,0x00000007a6d00000,0x00000007a7000000)
 ParOldGen       total 54784K, used 8K [0x0000000770000000, 0x0000000773580000, 0x00000007a5580000)
  object space 54784K, 0% used [0x0000000770000000,0x0000000770002000,0x0000000773580000)
 Metaspace       used 13231K, capacity 13682K, committed 13824K, reserved 1060864K
  class space    used 1802K, capacity 1925K, committed 2048K, reserved 1048576K
Event: 8.415 GC heap after
Heap after GC invocations=2 (full 0):
 PSYoungGen      total 24064K, used 2960K [0x00000007a5580000, 0x00000007a7000000, 0x00000007c0000000)
  eden space 20992K, 0% used [0x00000007a5580000,0x00000007a5580000,0x00000007a6a00000)
  from space 3072K, 96% used [0x00000007a6d00000,0x00000007a6fe4040,0x00000007a7000000)
  to   space 3072K, 0% used [0x00000007a6a00000,0x00000007a6a00000,0x00000007a6d00000)
 ParOldGen       total 54784K, used 16K [0x0000000770000000, 0x0000000773580000, 0x00000007a5580000)
  object space 54784K, 0% used [0x0000000770000000,0x0000000770004000,0x0000000773580000)
 Metaspace       used 13231K, capacity 13682K, committed 13824K, reserved 1060864K
  class space    used 1802K, capacity 1925K, committed 2048K, reserved 1048576K
}
Event: 13.317 GC heap before
{Heap before GC invocations=3 (full 0):
 PSYoungGen      total 24064K, used 23952K [0x00000007a5580000, 0x00000007a7000000, 0x00000007c0000000)
  eden space 20992K, 100% used [0x00000007a5580000,0x00000007a6a00000,0x00000007a6a00000)
  from space 3072K, 96% used [0x00000007a6d00000,0x00000007a6fe4040,0x00000007a7000000)
  to   space 3072K, 0% used [0x00000007a6a00000,0x00000007a6a00000,0x00000007a6d00000)
 ParOldGen       total 54784K, used 16K [0x0000000770000000, 0x0000000773580000, 0x00000007a5580000)
  object space 54784K, 0% used [0x0000000770000000,0x0000000770004000,0x0000000773580000)
 Metaspace       used 13421K, capacity 13926K, committed 14080K, reserved 1060864K
  class space    used 1824K, capacity 1975K, committed 2048K, reserved 1048576K
Event: 13.378 GC heap after
Heap after GC invocations=3 (full 0):
 PSYoungGen      total 24064K, used 2960K [0x00000007a5580000, 0x00000007a8480000, 0x00000007c0000000)
  eden space 20992K, 0% used [0x00000007a5580000,0x00000007a5580000,0x00000007a6a00000)
  from space 3072K, 96% used [0x00000007a6a00000,0x00000007a6ce4060,0x00000007a6d00000)
  to   space 3072K, 0% used [0x00000007a8180000,0x00000007a8180000,0x00000007a8480000)
 ParOldGen       total 54784K, used 24K [0x0000000770000000, 0x0000000773580000, 0x00000007a5580000)
  object space 54784K, 0% used [0x0000000770000000,0x0000000770006000,0x0000000773580000)
 Metaspace       used 13421K, capacity 13926K, committed 14080K, reserved 1060864K
  class space    used 1824K, capacity 1975K, committed 2048K, reserved 1048576K
}

Deoptimization events (5 events):
Event: 3.067 Thread 0x00007fd64ab29800 Uncommon trap: reason=unstable_if action=reinterpret pc=0x0000000119142fd4 method=java.lang.String.replace(CC)Ljava/lang/String; @ 26
Event: 3.594 Thread 0x00007fd64ab29800 Uncommon trap: reason=unstable_if action=reinterpret pc=0x0000000119167f74 method=java.lang.String.indexOf([CII[CIII)I @ 134
Event: 3.770 Thread 0x00007fd64ab29800 Uncommon trap: reason=unstable_if action=reinterpret pc=0x00000001191a4184 method=java.lang.AbstractStringBuilder.append(Ljava/lang/String;)Ljava/lang/AbstractStringBuilder; @ 1
Event: 3.939 Thread 0x00007fd64ab29800 Uncommon trap: reason=unstable_if action=reinterpret pc=0x00000001191ea0f0 method=java.util.HashMap.getNode(ILjava/lang/Object;)Ljava/util/HashMap$Node; @ 84
Event: 3.987 Thread 0x00007fd64ab29800 Uncommon trap: reason=unstable_if action=reinterpret pc=0x00000001191e8088 method=java.util.HashMap.getNode(ILjava/lang/Object;)Ljava/util/HashMap$Node; @ 84

Internal exceptions (10 events):
Event: 1.343 Thread 0x00007fd64a808800 Exception <a 'java/security/PrivilegedActionException'> (0x00000007a5830ab8) thrown at [/Users/java_re/workspace/8-2-build-macosx-x86_64/jdk8u151/9699/hotspot/src/share/vm/prims/jvm.cpp, line 1390]
Event: 1.344 Thread 0x00007fd64a808800 Exception <a 'java/security/PrivilegedActionException'> (0x00000007a5833de8) thrown at [/Users/java_re/workspace/8-2-build-macosx-x86_64/jdk8u151/9699/hotspot/src/share/vm/prims/jvm.cpp, line 1390]
Event: 1.344 Thread 0x00007fd64a808800 Exception <a 'java/security/PrivilegedActionException'> (0x00000007a5833ff8) thrown at [/Users/java_re/workspace/8-2-build-macosx-x86_64/jdk8u151/9699/hotspot/src/share/vm/prims/jvm.cpp, line 1390]
Event: 1.344 Thread 0x00007fd64a808800 Exception <a 'java/lang/NullPointerException'> (0x00000007a58347e8) thrown at [/Users/java_re/workspace/8-2-build-macosx-x86_64/jdk8u151/9699/hotspot/src/share/vm/interpreter/linkResolver.cpp, line 1183]
Event: 3.327 Thread 0x00007fd64ab29800 Exception <a 'java/lang/NullPointerException'> (0x00000007a617f460) thrown at [/Users/java_re/workspace/8-2-build-macosx-x86_64/jdk8u151/9699/hotspot/src/share/vm/interpreter/linkResolver.cpp, line 1183]
Event: 3.327 Thread 0x00007fd64ab29800 Exception <a 'java/lang/NullPointerException'> (0x00000007a617f460) thrown at [/Users/java_re/workspace/8-2-build-macosx-x86_64/jdk8u151/9699/hotspot/src/share/vm/prims/jvm.cpp, line 1394]
Event: 3.770 Thread 0x00007fd64ab29800 Implicit null exception at 0x00000001191a3db6 to 0x00000001191a416d
Event: 3.785 Thread 0x00007fd64ab29800 Exception <a 'java/lang/NullPointerException'> (0x00000007a6471b08) thrown at [/Users/java_re/workspace/8-2-build-macosx-x86_64/jdk8u151/9699/hotspot/src/share/vm/interpreter/linkResolver.cpp, line 1285]
Event: 4.956 Thread 0x00007fd64ab29800 Exception <a 'java/lang/NullPointerException'> (0x00000007a63cab98) thrown at [/Users/java_re/workspace/8-2-build-macosx-x86_64/jdk8u151/9699/hotspot/src/share/vm/interpreter/linkResolver.cpp, line 1183]
Event: 4.963 Thread 0x00007fd64ab29800 Exception <a 'java/lang/NullPointerException'> (0x00000007a63d2c40) thrown at [/Users/java_re/workspace/8-2-build-macosx-x86_64/jdk8u151/9699/hotspot/src/share/vm/interpreter/linkResolver.cpp, line 1183]

Events (10 events):
Event: 16.838 Thread 0x00007fd64a808800 Thread exited: 0x00007fd64a808800
Event: 16.838 Thread 0x00007fd64a808800 Thread added: 0x00007fd64a808800
Event: 16.838 loading class java/util/IdentityHashMap$KeySet
Event: 16.839 loading class java/util/IdentityHashMap$KeySet done
Event: 16.839 loading class java/util/IdentityHashMap$KeyIterator
Event: 16.839 loading class java/util/IdentityHashMap$IdentityHashMapIterator
Event: 16.839 loading class java/util/IdentityHashMap$IdentityHashMapIterator done
Event: 16.839 loading class java/util/IdentityHashMap$KeyIterator done
Event: 16.839 Thread 0x00007fd64a808800 Thread exited: 0x00007fd64a808800
Event: 16.839 Thread 0x00007fd64b02c000 Thread exited: 0x00007fd64b02c000


Dynamic libraries:
0x000000001681d000 	/System/Library/Frameworks/Cocoa.framework/Versions/A/Cocoa
0x000000001681d000 	/System/Library/Frameworks/Security.framework/Versions/A/Security
0x000000001681d000 	/System/Library/Frameworks/ApplicationServices.framework/Versions/A/ApplicationServices
0x000000001681d000 	/usr/lib/libz.1.dylib
0x000000001681d000 	/usr/lib/libSystem.B.dylib
0x000000001681d000 	/usr/lib/libobjc.A.dylib
0x000000001681d000 	/System/Library/Frameworks/CoreFoundation.framework/Versions/A/CoreFoundation
0x000000001681d000 	/System/Library/Frameworks/Foundation.framework/Versions/C/Foundation
0x000000001681d000 	/System/Library/Frameworks/AppKit.framework/Versions/C/AppKit
0x000000001681d000 	/System/Library/Frameworks/CoreData.framework/Versions/A/CoreData
0x000000001681d000 	/System/Library/PrivateFrameworks/RemoteViewServices.framework/Versions/A/RemoteViewServices
0x000000001681d000 	/System/Library/PrivateFrameworks/UIFoundation.framework/Versions/A/UIFoundation
0x000000001681d000 	/System/Library/PrivateFrameworks/DFRFoundation.framework/Versions/A/DFRFoundation
0x000000001681d000 	/System/Library/Frameworks/Metal.framework/Versions/A/Metal
0x000000001681d000 	/System/Library/PrivateFrameworks/DesktopServicesPriv.framework/Versions/A/DesktopServicesPriv
0x000000001681d000 	/usr/lib/libenergytrace.dylib
0x000000001681d000 	/System/Library/PrivateFrameworks/SkyLight.framework/Versions/A/SkyLight
0x000000001681d000 	/System/Library/Frameworks/CoreGraphics.framework/Versions/A/CoreGraphics
0x000000001681d000 	/usr/lib/libScreenReader.dylib
0x000000001681d000 	/System/Library/Frameworks/Accelerate.framework/Versions/A/Accelerate
0x000000001681d000 	/System/Library/Frameworks/IOSurface.framework/Versions/A/IOSurface
0x000000001681d000 	/System/Library/Frameworks/AudioToolbox.framework/Versions/A/AudioToolbox
0x000000001681d000 	/System/Library/Frameworks/AudioUnit.framework/Versions/A/AudioUnit
0x000000001681d000 	/System/Library/PrivateFrameworks/DataDetectorsCore.framework/Versions/A/DataDetectorsCore
0x000000001681d000 	/System/Library/Frameworks/Carbon.framework/Versions/A/Frameworks/HIToolbox.framework/Versions/A/HIToolbox
0x000000001681d000 	/usr/lib/libicucore.A.dylib
0x000000001681d000 	/System/Library/Frameworks/QuartzCore.framework/Versions/A/QuartzCore
0x000000001681d000 	/System/Library/Frameworks/Carbon.framework/Versions/A/Frameworks/SpeechRecognition.framework/Versions/A/SpeechRecognition
0x000000001681d000 	/usr/lib/libauto.dylib
0x000000001681d000 	/usr/lib/libxml2.2.dylib
0x000000001681d000 	/System/Library/PrivateFrameworks/CoreUI.framework/Versions/A/CoreUI
0x000000001681d000 	/System/Library/Frameworks/CoreAudio.framework/Versions/A/CoreAudio
0x000000001681d000 	/System/Library/Frameworks/DiskArbitration.framework/Versions/A/DiskArbitration
0x000000001681d000 	/usr/lib/liblangid.dylib
0x000000001681d000 	/System/Library/PrivateFrameworks/MultitouchSupport.framework/Versions/A/MultitouchSupport
0x000000001681d000 	/System/Library/Frameworks/IOKit.framework/Versions/A/IOKit
0x000000001681d000 	/usr/lib/libDiagnosticMessagesClient.dylib
0x000000001681d000 	/System/Library/Frameworks/CoreServices.framework/Versions/A/CoreServices
0x000000001681d000 	/System/Library/PrivateFrameworks/PerformanceAnalysis.framework/Versions/A/PerformanceAnalysis
0x000000001681d000 	/System/Library/Frameworks/OpenGL.framework/Versions/A/OpenGL
0x000000001681d000 	/System/Library/Frameworks/ColorSync.framework/Versions/A/ColorSync
0x000000001681d000 	/System/Library/Frameworks/CoreImage.framework/Versions/A/CoreImage
0x000000001681d000 	/System/Library/Frameworks/CoreText.framework/Versions/A/CoreText
0x000000001681d000 	/System/Library/Frameworks/ImageIO.framework/Versions/A/ImageIO
0x000000001681d000 	/System/Library/PrivateFrameworks/Backup.framework/Versions/A/Backup
0x000000001681d000 	/usr/lib/libarchive.2.dylib
0x000000001681d000 	/System/Library/Frameworks/CFNetwork.framework/Versions/A/CFNetwork
0x000000001681d000 	/System/Library/Frameworks/SystemConfiguration.framework/Versions/A/SystemConfiguration
0x000000001681d000 	/usr/lib/libCRFSuite.dylib
0x000000001681d000 	/usr/lib/libc++.1.dylib
0x000000001681d000 	/usr/lib/libc++abi.dylib
0x000000001681d000 	/usr/lib/system/libcache.dylib
0x000000001681d000 	/usr/lib/system/libcommonCrypto.dylib
0x000000001681d000 	/usr/lib/system/libcompiler_rt.dylib
0x000000001681d000 	/usr/lib/system/libcopyfile.dylib
0x000000001681d000 	/usr/lib/system/libcorecrypto.dylib
0x000000001681d000 	/usr/lib/system/libdispatch.dylib
0x000000001681d000 	/usr/lib/system/libdyld.dylib
0x000000001681d000 	/usr/lib/system/libkeymgr.dylib
0x000000001681d000 	/usr/lib/system/liblaunch.dylib
0x000000001681d000 	/usr/lib/system/libmacho.dylib
0x000000001681d000 	/usr/lib/system/libquarantine.dylib
0x000000001681d000 	/usr/lib/system/libremovefile.dylib
0x000000001681d000 	/usr/lib/system/libsystem_asl.dylib
0x000000001681d000 	/usr/lib/system/libsystem_blocks.dylib
0x000000001681d000 	/usr/lib/system/libsystem_c.dylib
0x000000001681d000 	/usr/lib/system/libsystem_configuration.dylib
0x000000001681d000 	/usr/lib/system/libsystem_coreservices.dylib
0x000000001681d000 	/usr/lib/system/libsystem_darwin.dylib
0x000000001681d000 	/usr/lib/system/libsystem_dnssd.dylib
0x000000001681d000 	/usr/lib/system/libsystem_info.dylib
0x000000001681d000 	/usr/lib/system/libsystem_m.dylib
0x000000001681d000 	/usr/lib/system/libsystem_malloc.dylib
0x000000001681d000 	/usr/lib/system/libsystem_network.dylib
0x000000001681d000 	/usr/lib/system/libsystem_networkextension.dylib
0x000000001681d000 	/usr/lib/system/libsystem_notify.dylib
0x000000001681d000 	/usr/lib/system/libsystem_sandbox.dylib
0x000000001681d000 	/usr/lib/system/libsystem_secinit.dylib
0x000000001681d000 	/usr/lib/system/libsystem_kernel.dylib
0x000000001681d000 	/usr/lib/system/libsystem_platform.dylib
0x000000001681d000 	/usr/lib/system/libsystem_pthread.dylib
0x000000001681d000 	/usr/lib/system/libsystem_symptoms.dylib
0x000000001681d000 	/usr/lib/system/libsystem_trace.dylib
0x000000001681d000 	/usr/lib/system/libunwind.dylib
0x000000001681d000 	/usr/lib/system/libxpc.dylib
0x000000001681d000 	/usr/lib/closure/libclosured.dylib
0x000000001681d000 	/usr/lib/libbsm.0.dylib
0x000000001681d000 	/usr/lib/system/libkxld.dylib
0x000000001681d000 	/usr/lib/libOpenScriptingUtil.dylib
0x000000001681d000 	/usr/lib/libcoretls.dylib
0x000000001681d000 	/usr/lib/libcoretls_cfhelpers.dylib
0x000000001681d000 	/usr/lib/libpam.2.dylib
0x000000001681d000 	/usr/lib/libsqlite3.dylib
0x000000001681d000 	/usr/lib/libxar.1.dylib
0x000000001681d000 	/usr/lib/libbz2.1.0.dylib
0x000000001681d000 	/usr/lib/liblzma.5.dylib
0x000000001681d000 	/usr/lib/libnetwork.dylib
0x000000001681d000 	/usr/lib/libapple_nghttp2.dylib
0x000000001681d000 	/usr/lib/libpcap.A.dylib
0x000000001681d000 	/usr/lib/libboringssl.dylib
0x000000001681d000 	/usr/lib/libusrtcp.dylib
0x000000001681d000 	/usr/lib/libapple_crypto.dylib
0x000000001681d000 	/System/Library/Frameworks/CoreServices.framework/Versions/A/Frameworks/FSEvents.framework/Versions/A/FSEvents
0x000000001681d000 	/System/Library/Frameworks/CoreServices.framework/Versions/A/Frameworks/CarbonCore.framework/Versions/A/CarbonCore
0x000000001681d000 	/System/Library/Frameworks/CoreServices.framework/Versions/A/Frameworks/Metadata.framework/Versions/A/Metadata
0x000000001681d000 	/System/Library/Frameworks/CoreServices.framework/Versions/A/Frameworks/OSServices.framework/Versions/A/OSServices
0x000000001681d000 	/System/Library/Frameworks/CoreServices.framework/Versions/A/Frameworks/SearchKit.framework/Versions/A/SearchKit
0x000000001681d000 	/System/Library/Frameworks/CoreServices.framework/Versions/A/Frameworks/AE.framework/Versions/A/AE
0x000000001681d000 	/System/Library/Frameworks/CoreServices.framework/Versions/A/Frameworks/LaunchServices.framework/Versions/A/LaunchServices
0x000000001681d000 	/System/Library/Frameworks/CoreServices.framework/Versions/A/Frameworks/DictionaryServices.framework/Versions/A/DictionaryServices
0x000000001681d000 	/System/Library/Frameworks/CoreServices.framework/Versions/A/Frameworks/SharedFileList.framework/Versions/A/SharedFileList
0x000000001681d000 	/System/Library/Frameworks/NetFS.framework/Versions/A/NetFS
0x000000001681d000 	/System/Library/PrivateFrameworks/NetAuth.framework/Versions/A/NetAuth
0x000000001681d000 	/System/Library/PrivateFrameworks/login.framework/Versions/A/Frameworks/loginsupport.framework/Versions/A/loginsupport
0x000000001681d000 	/System/Library/PrivateFrameworks/TCC.framework/Versions/A/TCC
0x000000001681d000 	/usr/lib/libmecabra.dylib
0x000000001681d000 	/System/Library/Frameworks/ApplicationServices.framework/Versions/A/Frameworks/ATS.framework/Versions/A/ATS
0x000000001681d000 	/System/Library/Frameworks/ApplicationServices.framework/Versions/A/Frameworks/ColorSyncLegacy.framework/Versions/A/ColorSyncLegacy
0x000000001681d000 	/System/Library/Frameworks/ApplicationServices.framework/Versions/A/Frameworks/HIServices.framework/Versions/A/HIServices
0x000000001681d000 	/System/Library/Frameworks/ApplicationServices.framework/Versions/A/Frameworks/LangAnalysis.framework/Versions/A/LangAnalysis
0x000000001681d000 	/System/Library/Frameworks/ApplicationServices.framework/Versions/A/Frameworks/PrintCore.framework/Versions/A/PrintCore
0x000000001681d000 	/System/Library/Frameworks/ApplicationServices.framework/Versions/A/Frameworks/QD.framework/Versions/A/QD
0x000000001681d000 	/System/Library/Frameworks/ApplicationServices.framework/Versions/A/Frameworks/SpeechSynthesis.framework/Versions/A/SpeechSynthesis
0x000000001681d000 	/System/Library/Frameworks/CoreDisplay.framework/Versions/A/CoreDisplay
0x000000001681d000 	/System/Library/Frameworks/Accelerate.framework/Versions/A/Frameworks/vImage.framework/Versions/A/vImage
0x000000001681d000 	/System/Library/Frameworks/Accelerate.framework/Versions/A/Frameworks/vecLib.framework/Versions/A/vecLib
0x000000001681d000 	/System/Library/Frameworks/Accelerate.framework/Versions/A/Frameworks/vecLib.framework/Versions/A/libvDSP.dylib
0x000000001681d000 	/System/Library/Frameworks/Accelerate.framework/Versions/A/Frameworks/vecLib.framework/Versions/A/libBNNS.dylib
0x000000001681d000 	/System/Library/Frameworks/Accelerate.framework/Versions/A/Frameworks/vecLib.framework/Versions/A/libQuadrature.dylib
0x000000001681d000 	/System/Library/Frameworks/Accelerate.framework/Versions/A/Frameworks/vecLib.framework/Versions/A/libvMisc.dylib
0x000000001681d000 	/System/Library/Frameworks/Accelerate.framework/Versions/A/Frameworks/vecLib.framework/Versions/A/libLAPACK.dylib
0x000000001681d000 	/System/Library/Frameworks/Accelerate.framework/Versions/A/Frameworks/vecLib.framework/Versions/A/libBLAS.dylib
0x000000001681d000 	/System/Library/Frameworks/Accelerate.framework/Versions/A/Frameworks/vecLib.framework/Versions/A/libLinearAlgebra.dylib
0x000000001681d000 	/System/Library/Frameworks/Accelerate.framework/Versions/A/Frameworks/vecLib.framework/Versions/A/libSparse.dylib
0x000000001681d000 	/System/Library/Frameworks/Accelerate.framework/Versions/A/Frameworks/vecLib.framework/Versions/A/libSparseBLAS.dylib
0x000000001681d000 	/System/Library/PrivateFrameworks/IOAccelerator.framework/Versions/A/IOAccelerator
0x000000001681d000 	/System/Library/PrivateFrameworks/IOPresentment.framework/Versions/A/IOPresentment
0x000000001681d000 	/System/Library/PrivateFrameworks/DSExternalDisplay.framework/Versions/A/DSExternalDisplay
0x000000001681d000 	/System/Library/Frameworks/OpenGL.framework/Versions/A/Libraries/libCoreFSCache.dylib
0x000000001681d000 	/System/Library/Frameworks/CoreVideo.framework/Versions/A/CoreVideo
0x000000001681d000 	/System/Library/PrivateFrameworks/GraphVisualizer.framework/Versions/A/GraphVisualizer
0x000000001681d000 	/System/Library/Frameworks/MetalPerformanceShaders.framework/Versions/A/MetalPerformanceShaders
0x000000001681d000 	/usr/lib/libFosl_dynamic.dylib
0x000000001681d000 	/System/Library/PrivateFrameworks/FaceCore.framework/Versions/A/FaceCore
0x000000001681d000 	/System/Library/Frameworks/OpenCL.framework/Versions/A/OpenCL
0x000000001681d000 	/usr/lib/libcompression.dylib
0x000000001681d000 	/System/Library/Frameworks/ApplicationServices.framework/Versions/A/Frameworks/ATS.framework/Versions/A/Resources/libFontParser.dylib
0x000000001681d000 	/System/Library/Frameworks/ApplicationServices.framework/Versions/A/Frameworks/ATS.framework/Versions/A/Resources/libFontRegistry.dylib
0x000000001681d000 	/System/Library/Frameworks/ImageIO.framework/Versions/A/Resources/libJPEG.dylib
0x000000001681d000 	/System/Library/Frameworks/ImageIO.framework/Versions/A/Resources/libTIFF.dylib
0x000000001681d000 	/System/Library/Frameworks/ImageIO.framework/Versions/A/Resources/libPng.dylib
0x000000001681d000 	/System/Library/Frameworks/ImageIO.framework/Versions/A/Resources/libGIF.dylib
0x000000001681d000 	/System/Library/Frameworks/ImageIO.framework/Versions/A/Resources/libJP2.dylib
0x000000001681d000 	/System/Library/Frameworks/ImageIO.framework/Versions/A/Resources/libRadiance.dylib
0x000000001681d000 	/System/Library/PrivateFrameworks/AppleJPEG.framework/Versions/A/AppleJPEG
0x000000001681d000 	/System/Library/PrivateFrameworks/MetalTools.framework/Versions/A/MetalTools
0x000000001681d000 	/System/Library/Frameworks/MetalPerformanceShaders.framework/Frameworks/MPSCore.framework/Versions/A/MPSCore
0x000000001681d000 	/System/Library/Frameworks/MetalPerformanceShaders.framework/Frameworks/MPSImage.framework/Versions/A/MPSImage
0x000000001681d000 	/System/Library/Frameworks/MetalPerformanceShaders.framework/Frameworks/MPSMatrix.framework/Versions/A/MPSMatrix
0x000000001681d000 	/System/Library/Frameworks/MetalPerformanceShaders.framework/Frameworks/MPSNeuralNetwork.framework/Versions/A/MPSNeuralNetwork
0x000000001681d000 	/System/Library/Frameworks/OpenGL.framework/Versions/A/Libraries/libGLU.dylib
0x000000001681d000 	/System/Library/Frameworks/OpenGL.framework/Versions/A/Libraries/libGFXShared.dylib
0x000000001681d000 	/System/Library/Frameworks/OpenGL.framework/Versions/A/Libraries/libGL.dylib
0x000000001681d000 	/System/Library/Frameworks/OpenGL.framework/Versions/A/Libraries/libGLImage.dylib
0x000000001681d000 	/System/Library/Frameworks/OpenGL.framework/Versions/A/Libraries/libCVMSPluginSupport.dylib
0x000000001681d000 	/System/Library/Frameworks/OpenGL.framework/Versions/A/Libraries/libCoreVMClient.dylib
0x000000001681d000 	/usr/lib/libcups.2.dylib
0x000000001681d000 	/System/Library/Frameworks/Kerberos.framework/Versions/A/Kerberos
0x000000001681d000 	/System/Library/Frameworks/GSS.framework/Versions/A/GSS
0x000000001681d000 	/usr/lib/libresolv.9.dylib
0x000000001681d000 	/usr/lib/libiconv.2.dylib
0x000000001681d000 	/System/Library/PrivateFrameworks/Heimdal.framework/Versions/A/Heimdal
0x000000001681d000 	/usr/lib/libheimdal-asn1.dylib
0x000000001681d000 	/System/Library/Frameworks/OpenDirectory.framework/Versions/A/OpenDirectory
0x000000001681d000 	/System/Library/PrivateFrameworks/CommonAuth.framework/Versions/A/CommonAuth
0x000000001681d000 	/System/Library/Frameworks/OpenDirectory.framework/Versions/A/Frameworks/CFOpenDirectory.framework/Versions/A/CFOpenDirectory
0x000000001681d000 	/System/Library/Frameworks/SecurityFoundation.framework/Versions/A/SecurityFoundation
0x000000001681d000 	/System/Library/PrivateFrameworks/APFS.framework/Versions/A/APFS
0x000000001681d000 	/usr/lib/libutil.dylib
0x000000001681d000 	/System/Library/PrivateFrameworks/AppleSauce.framework/Versions/A/AppleSauce
0x000000001681d000 	/System/Library/PrivateFrameworks/LinguisticData.framework/Versions/A/LinguisticData
0x000000001681d000 	/usr/lib/libmarisa.dylib
0x000000001681d000 	/System/Library/PrivateFrameworks/Lexicon.framework/Versions/A/Lexicon
0x000000001681d000 	/usr/lib/libChineseTokenizer.dylib
0x000000001681d000 	/usr/lib/libcmph.dylib
0x000000001681d000 	/System/Library/PrivateFrameworks/LanguageModeling.framework/Versions/A/LanguageModeling
0x000000001681d000 	/System/Library/PrivateFrameworks/CoreEmoji.framework/Versions/A/CoreEmoji
0x000000001681d000 	/System/Library/Frameworks/ServiceManagement.framework/Versions/A/ServiceManagement
0x000000001681d000 	/System/Library/PrivateFrameworks/BackgroundTaskManagement.framework/Versions/A/BackgroundTaskManagement
0x000000001681d000 	/usr/lib/libxslt.1.dylib
0x000000001681d000 	/System/Library/Frameworks/Carbon.framework/Versions/A/Frameworks/Ink.framework/Versions/A/Ink
0x000000001681d000 	/System/Library/PrivateFrameworks/TextureIO.framework/Versions/A/TextureIO
0x000000001681d000 	/usr/lib/libate.dylib
0x000000001681d000 	/System/Library/PrivateFrameworks/CrashReporterSupport.framework/Versions/A/CrashReporterSupport
0x000000001681d000 	/System/Library/PrivateFrameworks/Sharing.framework/Versions/A/Sharing
0x000000001681d000 	/System/Library/PrivateFrameworks/IconServices.framework/Versions/A/IconServices
0x000000001681d000 	/System/Library/PrivateFrameworks/ProtocolBuffer.framework/Versions/A/ProtocolBuffer
0x000000001681d000 	/System/Library/PrivateFrameworks/Apple80211.framework/Versions/A/Apple80211
0x000000001681d000 	/System/Library/Frameworks/CoreWLAN.framework/Versions/A/CoreWLAN
0x000000001681d000 	/System/Library/PrivateFrameworks/CoreUtils.framework/Versions/A/CoreUtils
0x000000001681d000 	/System/Library/Frameworks/IOBluetooth.framework/Versions/A/IOBluetooth
0x000000001681d000 	/System/Library/PrivateFrameworks/CoreWiFi.framework/Versions/A/CoreWiFi
0x000000001681d000 	/System/Library/Frameworks/CoreBluetooth.framework/Versions/A/CoreBluetooth
0x000000001681d000 	/System/Library/PrivateFrameworks/SignpostNotification.framework/Versions/A/SignpostNotification
0x000000001681d000 	/System/Library/PrivateFrameworks/DebugSymbols.framework/Versions/A/DebugSymbols
0x000000001681d000 	/System/Library/PrivateFrameworks/CoreSymbolication.framework/Versions/A/CoreSymbolication
0x000000001681d000 	/System/Library/PrivateFrameworks/Symbolication.framework/Versions/A/Symbolication
0x000000001681d000 	/System/Library/PrivateFrameworks/AppleFSCompression.framework/Versions/A/AppleFSCompression
0x000000001681d000 	/System/Library/PrivateFrameworks/SpeechRecognitionCore.framework/Versions/A/SpeechRecognitionCore
0x000000010b43f000 	/Library/Java/JavaVirtualMachines/jdk1.8.0_151.jdk/Contents/Home/jre/lib/server/libjvm.dylib
0x000000001681d000 	/usr/lib/libstdc++.6.0.9.dylib
0x000000010c3e6000 	/Library/Java/JavaVirtualMachines/jdk1.8.0_151.jdk/Contents/Home/jre/lib/libverify.dylib
0x000000010c800000 	/Library/Java/JavaVirtualMachines/jdk1.8.0_151.jdk/Contents/Home/jre/lib/libjava.dylib
0x000000010c875000 	/Library/Java/JavaVirtualMachines/jdk1.8.0_151.jdk/Contents/Home/jre/lib/libzip.dylib
0x000000001681d000 	/System/Library/Frameworks/JavaVM.framework/Versions/A/Frameworks/JavaRuntimeSupport.framework/Versions/A/JavaRuntimeSupport
0x000000001681d000 	/System/Library/Frameworks/JavaVM.framework/Versions/A/Frameworks/JavaNativeFoundation.framework/Versions/A/JavaNativeFoundation
0x000000001681d000 	/System/Library/Frameworks/JavaVM.framework/Versions/A/JavaVM
0x000000001681d000 	/System/Library/Frameworks/Carbon.framework/Versions/A/Carbon
0x000000001681d000 	/System/Library/PrivateFrameworks/JavaLaunching.framework/Versions/A/JavaLaunching
0x000000001681d000 	/System/Library/Frameworks/Carbon.framework/Versions/A/Frameworks/CommonPanels.framework/Versions/A/CommonPanels
0x000000001681d000 	/System/Library/Frameworks/Carbon.framework/Versions/A/Frameworks/Help.framework/Versions/A/Help
0x000000001681d000 	/System/Library/Frameworks/Carbon.framework/Versions/A/Frameworks/ImageCapture.framework/Versions/A/ImageCapture
0x000000001681d000 	/System/Library/Frameworks/Carbon.framework/Versions/A/Frameworks/OpenScripting.framework/Versions/A/OpenScripting
0x000000001681d000 	/System/Library/Frameworks/Carbon.framework/Versions/A/Frameworks/Print.framework/Versions/A/Print
0x000000001681d000 	/System/Library/Frameworks/Carbon.framework/Versions/A/Frameworks/SecurityHI.framework/Versions/A/SecurityHI
0x0000000112b0f000 	/Library/Java/JavaVirtualMachines/jdk1.8.0_151.jdk/Contents/Home/jre/lib/libprism_es2.dylib
0x000000001681d000 	/System/Library/PrivateFrameworks/CoreServicesInternal.framework/Versions/A/CoreServicesInternal
0x000000001681d000 	/System/Library/Frameworks/OpenGL.framework/Versions/A/Resources/GLEngine.bundle/GLEngine
0x000000001681d000 	/System/Library/Frameworks/OpenGL.framework/Versions/A/Libraries/libGLProgrammability.dylib
0x0000000112bb9000 	/System/Library/Extensions/GeForceTeslaGLDriver.bundle/Contents/MacOS/GeForceTeslaGLDriver
0x000000001681d000 	/System/Library/Extensions/GeForceTeslaGLDriver.bundle/Contents/MacOS/libclh.dylib
0x000000001681d000 	/System/Library/PrivateFrameworks/GPUSupport.framework/Versions/A/Libraries/libGPUSupport.dylib
0x000000001681d000 	/System/Library/Frameworks/OpenGL.framework/Versions/A/Resources/GLRendererFloat.bundle/GLRendererFloat
0x000000001681d000 	/System/Library/Frameworks/OpenCL.framework/Versions/A/Libraries/libcldcpuengine.dylib
0x000000001681d000 	/usr/lib/libcrypto.35.dylib
0x000000001681d000 	/System/Library/PrivateFrameworks/TrustEvaluationAgent.framework/Versions/A/TrustEvaluationAgent
0x000000011480b000 	/Library/Java/JavaVirtualMachines/jdk1.8.0_151.jdk/Contents/Home/jre/lib/libglass.dylib
0x000000001681d000 	/System/Library/CoreServices/RawCamera.bundle/Contents/MacOS/RawCamera
0x000000001681d000 	/System/Library/PrivateFrameworks/MobileAsset.framework/Versions/A/MobileAsset
0x000000001681d000 	/System/Library/PrivateFrameworks/StreamingZip.framework/Versions/A/StreamingZip
0x000000001681d000 	/System/Library/Frameworks/MediaToolbox.framework/Versions/A/MediaToolbox
0x000000001681d000 	/System/Library/PrivateFrameworks/CoreAVCHD.framework/Versions/A/CoreAVCHD
0x000000001681d000 	/System/Library/Frameworks/MediaAccessibility.framework/Versions/A/MediaAccessibility
0x000000001681d000 	/System/Library/PrivateFrameworks/Mangrove.framework/Versions/A/Mangrove
0x000000001681d000 	/System/Library/Frameworks/CoreMedia.framework/Versions/A/CoreMedia
0x000000001681d000 	/System/Library/Frameworks/VideoToolbox.framework/Versions/A/VideoToolbox
0x000000001681d000 	/System/Library/PrivateFrameworks/CoreAUC.framework/Versions/A/CoreAUC
0x000000001681d000 	/usr/lib/libspindump.dylib
0x000000001681d000 	/usr/lib/libdscsym.dylib
0x000000001681d000 	/System/Library/PrivateFrameworks/AppleVA.framework/Versions/A/AppleVA
0x000000001681d000 	/System/Library/Frameworks/Accelerate.framework/Versions/A/Frameworks/vImage.framework/Versions/A/Libraries/libCGInterfaces.dylib
0x000000001681d000 	/System/Library/PrivateFrameworks/FamilyControls.framework/Versions/A/FamilyControls
0x000000001681d000 	/System/Library/PrivateFrameworks/CommerceKit.framework/Versions/A/Frameworks/CommerceCore.framework/Versions/A/CommerceCore
0x000000001681d000 	/System/Library/PrivateFrameworks/SystemAdministration.framework/Versions/A/SystemAdministration
0x000000001681d000 	/System/Library/PrivateFrameworks/AppContainer.framework/Versions/A/AppContainer
0x000000001681d000 	/System/Library/PrivateFrameworks/SecCodeWrapper.framework/Versions/A/SecCodeWrapper
0x000000001681d000 	/System/Library/PrivateFrameworks/DiskManagement.framework/Versions/A/DiskManagement
0x000000001681d000 	/System/Library/Frameworks/DirectoryService.framework/Versions/A/DirectoryService
0x000000001681d000 	/System/Library/PrivateFrameworks/DiskImages.framework/Versions/A/DiskImages
0x000000001681d000 	/System/Library/PrivateFrameworks/LoginUIKit.framework/Versions/A/Frameworks/LoginUICore.framework/Versions/A/LoginUICore
0x000000001681d000 	/usr/lib/libCoreStorage.dylib
0x000000001681d000 	/usr/lib/libcsfde.dylib
0x000000001681d000 	/usr/lib/libodfde.dylib
0x000000001681d000 	/System/Library/PrivateFrameworks/MediaKit.framework/Versions/A/MediaKit
0x000000001681d000 	/System/Library/Frameworks/DiscRecording.framework/Versions/A/DiscRecording
0x000000001681d000 	/System/Library/PrivateFrameworks/EFILogin.framework/Versions/A/EFILogin
0x000000001681d000 	/System/Library/PrivateFrameworks/ProtectedCloudStorage.framework/Versions/A/ProtectedCloudStorage
0x000000001681d000 	/usr/lib/libcurl.4.dylib
0x000000001681d000 	/usr/lib/libssl.35.dylib
0x000000001681d000 	/System/Library/Frameworks/LDAP.framework/Versions/A/LDAP
0x000000001681d000 	/usr/lib/libsasl2.2.dylib
0x000000001681d000 	/System/Library/PrivateFrameworks/CoreDaemon.framework/Versions/B/CoreDaemon
0x000000001681d000 	/System/Library/PrivateFrameworks/AppleSRP.framework/Versions/A/AppleSRP
0x0000000116226000 	/Library/Java/JavaVirtualMachines/jdk1.8.0_151.jdk/Contents/Home/jre/lib/libglib-lite.dylib
0x0000000116347000 	/Library/Java/JavaVirtualMachines/jdk1.8.0_151.jdk/Contents/Home/jre/lib/libgstreamer-lite.dylib
0x00000001164c0000 	/Library/Java/JavaVirtualMachines/jdk1.8.0_151.jdk/Contents/Home/jre/lib/libjfxmedia.dylib
0x00000001164fb000 	/Library/Java/JavaVirtualMachines/jdk1.8.0_151.jdk/Contents/Home/jre/lib/libjfxmedia_avf.dylib
0x000000001681d000 	/System/Library/Frameworks/AVFoundation.framework/Versions/A/AVFoundation
0x000000001681d000 	/System/Library/Frameworks/AVFoundation.framework/Versions/A/Frameworks/AVFAudio.framework/Versions/A/AVFAudio
0x000000001681d000 	/System/Library/PrivateFrameworks/IntlPreferences.framework/Versions/A/IntlPreferences
0x000000001681d000 	/System/Library/Frameworks/CoreMediaIO.framework/Versions/A/CoreMediaIO
0x000000001681d000 	/System/Library/PrivateFrameworks/RemoteServiceDiscovery.framework/Versions/A/RemoteServiceDiscovery
0x000000001681d000 	/System/Library/PrivateFrameworks/RemoteXPC.framework/Versions/A/RemoteXPC
0x000000001681d000 	/System/Library/PrivateFrameworks/InternationalSupport.framework/Versions/A/InternationalSupport
0x0000000116530000 	/Library/Java/JavaVirtualMachines/jdk1.8.0_151.jdk/Contents/Home/jre/lib/libjfxmedia_qtkit.dylib
0x000000001681d000 	/System/Library/Frameworks/QTKit.framework/Versions/A/QTKit
0x000000001681d000 	/System/Library/PrivateFrameworks/CoreMediaAuthoring.framework/Versions/A/CoreMediaAuthoring
0x000000011653d000 	/Library/Java/JavaVirtualMachines/jdk1.8.0_151.jdk/Contents/Home/jre/lib/libfxplugins.dylib
0x000000001681d000 	/System/Library/Frameworks/VideoDecodeAcceleration.framework/Versions/A/VideoDecodeAcceleration
0x0000000114eb4000 	/Library/Java/JavaVirtualMachines/jdk1.8.0_151.jdk/Contents/Home/jre/lib/libnet.dylib
0x00000001165b0000 	/Library/Java/JavaVirtualMachines/jdk1.8.0_151.jdk/Contents/Home/jre/lib/libnio.dylib
0x00000001165c0000 	/System/Library/Extensions/AppleHDA.kext/Contents/PlugIns/AppleHDAHALPlugIn.bundle/Contents/MacOS/AppleHDAHALPlugIn
0x00000001165f1000 	/System/Library/Components/CoreAudio.component/Contents/MacOS/CoreAudio
0x0000000116880000 	/System/Library/Components/AudioCodecs.component/Contents/MacOS/AudioCodecs
0x000000001681d000 	/System/Library/PrivateFrameworks/AppleGVA.framework/Versions/A/AppleGVA
0x00000001171fa000 	/System/Library/Extensions/GeForceTeslaVADriver.bundle/Contents/MacOS/GeForceTeslaVADriver
0x000000011706a000 	/System/Library/Extensions/AppleVADriver.bundle/Contents/MacOS/AVA_HD_VP3.dylib
0x0000000117199000 	/Library/Java/JavaVirtualMachines/jdk1.8.0_151.jdk/Contents/Home/jre/lib/libjavafx_font.dylib
0x000000001681d000 	/System/Library/Frameworks/ApplicationServices.framework/Versions/A/Frameworks/ATS.framework/Versions/A/Resources/libTrueTypeScaler.dylib
0x000000001681d000 	/System/Library/PrivateFrameworks/ViewBridge.framework/Versions/A/ViewBridge
0x000000001681d000 	/usr/lib/libsystemstats.dylib

VM Arguments:
jvm_args: -Dfile.encoding=UTF-8 
java_command: sample.Main
java_class_path (initial): /Library/Java/JavaVirtualMachines/jdk1.8.0_151.jdk/Contents/Home/jre/lib/charsets.jar:/Library/Java/JavaVirtualMachines/jdk1.8.0_151.jdk/Contents/Home/jre/lib/deploy.jar:/Library/Java/JavaVirtualMachines/jdk1.8.0_151.jdk/Contents/Home/jre/lib/ext/cldrdata.jar:/Library/Java/JavaVirtualMachines/jdk1.8.0_151.jdk/Contents/Home/jre/lib/ext/dnsns.jar:/Library/Java/JavaVirtualMachines/jdk1.8.0_151.jdk/Contents/Home/jre/lib/ext/jaccess.jar:/Library/Java/JavaVirtualMachines/jdk1.8.0_151.jdk/Contents/Home/jre/lib/ext/jfxrt.jar:/Library/Java/JavaVirtualMachines/jdk1.8.0_151.jdk/Contents/Home/jre/lib/ext/localedata.jar:/Library/Java/JavaVirtualMachines/jdk1.8.0_151.jdk/Contents/Home/jre/lib/ext/nashorn.jar:/Library/Java/JavaVirtualMachines/jdk1.8.0_151.jdk/Contents/Home/jre/lib/ext/sunec.jar:/Library/Java/JavaVirtualMachines/jdk1.8.0_151.jdk/Contents/Home/jre/lib/ext/sunjce_provider.jar:/Library/Java/JavaVirtualMachines/jdk1.8.0_151.jdk/Contents/Home/jre/lib/ext/sunpkcs11.jar:/Library/Java/JavaVirtualMachines/jdk1.8.0_151.jdk/Contents/Home/jre/lib/ext/zipfs.jar:/Library/Java/JavaVirtualMachines/jdk1.8.0_151.jdk/Contents/Home/jre/lib/javaws.jar:/Library/Java/JavaVirtualMachines/jdk1.8.0_151.jdk/Contents/Home/jre/lib/jce.jar:/Library/Java/JavaVirtualMachines/jdk1.8.0_151.jdk/Contents/Home/jre/lib/jfr.jar:/Library/Java/JavaVirtualMachines/jdk1.8.0_151.jdk/Contents/Home/jre/lib/jfxswt.jar:/Library/Java/JavaVirtualMachines/jdk1.8.0_151.jdk/Contents/Home/jre/lib/jsse.jar:/Library/Java/JavaVirtualMachines/jdk1.8.0_151.jdk/Contents/Home/jre/lib/management-agent.jar:/Library/Java/JavaVirtualMachines/jdk1.8.0_151.jdk/Contents/Home/jre/lib/plugin.jar:/Library/Java/JavaVirtualMachines/jdk1.8.0_151.jdk/Contents/Home/jre/lib/resources.jar:/Library/Java/JavaVirtualMachines/jdk1.8.0_151.jdk/Contents/Home/jre/lib/rt.jar:/Library/Java/JavaVirtualMachines/jdk1.8.0_151.jdk/Contents/Home/lib/ant-javafx.jar:/Library/Java/JavaVirtualMachines/jdk1.8.0_151.jdk/Contents/Home
Launcher Type: SUN_STANDARD

Environment Variables:
PATH=/usr/local/bin:/usr/bin:/bin:/usr/sbin:/sbin:/Library/Frameworks/Mono.framework/Versions/Current/Commands
SHELL=/bin/bash

Signal Handlers:
SIGSEGV: [libjvm.dylib+0x5b27a5], sa_mask[0]=11111111011111110111111111111111, sa_flags=SA_ONSTACK|SA_RESTART|SA_SIGINFO
SIGBUS: [libjvm.dylib+0x5b27a5], sa_mask[0]=11111111011111110111111111111111, sa_flags=SA_RESTART|SA_SIGINFO
SIGFPE: [libjvm.dylib+0x4891c4], sa_mask[0]=11111111011111110111111111111111, sa_flags=SA_RESTART|SA_SIGINFO
SIGPIPE: [libjvm.dylib+0x4891c4], sa_mask[0]=11111111011111110111111111111111, sa_flags=SA_RESTART|SA_SIGINFO
SIGXFSZ: [libjvm.dylib+0x4891c4], sa_mask[0]=11111111011111110111111111111111, sa_flags=SA_RESTART|SA_SIGINFO
SIGILL: [libjvm.dylib+0x4891c4], sa_mask[0]=11111111011111110111111111111111, sa_flags=SA_RESTART|SA_SIGINFO
SIGUSR1: SIG_DFL, sa_mask[0]=00000000000000000000000000000000, sa_flags=none
SIGUSR2: [libjvm.dylib+0x488ce2], sa_mask[0]=00100000000000000000000000000000, sa_flags=SA_RESTART|SA_SIGINFO
SIGHUP: [libjvm.dylib+0x4872b9], sa_mask[0]=11111111011111110111111111111111, sa_flags=SA_RESTART|SA_SIGINFO
SIGINT: [libjvm.dylib+0x4872b9], sa_mask[0]=11111111011111110111111111111111, sa_flags=SA_RESTART|SA_SIGINFO
SIGTERM: [libjvm.dylib+0x4872b9], sa_mask[0]=11111111011111110111111111111111, sa_flags=SA_RESTART|SA_SIGINFO
SIGQUIT: [libjvm.dylib+0x4872b9], sa_mask[0]=11111111011111110111111111111111, sa_flags=SA_RESTART|SA_SIGINFO


---------------  S Y S T E M  ---------------

OS:Bsduname:Darwin 17.4.0 Darwin Kernel Version 17.4.0: Sun Dec 17 09:19:54 PST 2017; root:xnu-4570.41.2~1/RELEASE_X86_64 x86_64
rlimit: STACK 8192k, CORE 0k, NPROC 709, NOFILE 10240, AS infinity
load average:5.56 5.36 5.29

CPU:total 2 (initial active 2) (2 cores per cpu, 1 threads per core) family 6 model 23 stepping 10, cmov, cx8, fxsr, mmx, sse, sse2, sse3, ssse3, sse4.1, tsc

Memory: 4k page, physical 5242880k(51492k free)

/proc/meminfo:


vm_info: Java HotSpot(TM) 64-Bit Server VM (25.151-b12) for bsd-amd64 JRE (1.8.0_151-b12), built on Sep  5 2017 19:37:08 by "java_re" with gcc 4.2.1 (Based on Apple Inc. build 5658) (LLVM build 2336.11.00)

time: Tue Mar 13 23:07:24 2018
elapsed time: 16 seconds (0d 0h 0m 16s)

